2017-11-12 02:52:44.338  WARN 42182 --- [main] ory$DuplicateJsonObjectContextCustomizer : 

Found multiple occurrences of org.json.JSONObject on the class path:

	jar:file:/Users/manvendrasingh/.m2/repository/org/json/json/20140107/json-20140107.jar!/org/json/JSONObject.class
	jar:file:/Users/manvendrasingh/.m2/repository/com/vaadin/external/google/android-json/0.0.20131108.vaadin1/android-json-0.0.20131108.vaadin1.jar!/org/json/JSONObject.class

You may wish to exclude one of them to ensure predictable runtime behaviour

2017-11-12 02:52:49.412  INFO 42182 --- [main] r.SpringRabbitMqConsumerApplicationTests : Starting SpringRabbitMqConsumerApplicationTests on Manvendras-MacBook-Pro.local with PID 42182 (started by manvendrasingh in /Users/manvendrasingh/git/MacProAppSpringBoot/SpringRabbitMqObjectConsumer)
2017-11-12 02:52:49.412  INFO 42182 --- [main] r.SpringRabbitMqConsumerApplicationTests : No active profile set, falling back to default profiles: default
2017-11-12 02:52:49.470  INFO 42182 --- [main] s.c.a.AnnotationConfigApplicationContext : Refreshing org.springframework.context.annotation.AnnotationConfigApplicationContext@1e683a3e: startup date [Sun Nov 12 02:52:49 IST 2017]; root of context hierarchy
2017-11-12 02:52:50.970  INFO 42182 --- [main] trationDelegate$BeanPostProcessorChecker : Bean 'org.springframework.amqp.rabbit.annotation.RabbitBootstrapConfiguration' of type [org.springframework.amqp.rabbit.annotation.RabbitBootstrapConfiguration$$EnhancerBySpringCGLIB$$4ccb1f2f] is not eligible for getting processed by all BeanPostProcessors (for example: not eligible for auto-proxying)
2017-11-12 02:52:52.156  INFO 42182 --- [main] o.s.c.support.DefaultLifecycleProcessor  : Starting beans in phase -2147482648
2017-11-12 02:52:52.156  INFO 42182 --- [main] o.s.c.support.DefaultLifecycleProcessor  : Starting beans in phase 2147483647
2017-11-12 02:52:52.509  INFO 42182 --- [SimpleAsyncTaskExecutor-1] o.s.a.r.c.CachingConnectionFactory       : Created new connection: rabbitConnectionFactory#3c7b8e8d:0/SimpleConnection@5a8de8a3 [delegate=amqp://guest@127.0.0.1:5672/, localPort= 54268]
2017-11-12 02:52:52.619  INFO 42182 --- [main] r.SpringRabbitMqConsumerApplicationTests : Started SpringRabbitMqConsumerApplicationTests in 19.68 seconds (JVM running for 23.113)
2017-11-12 02:52:52.758  INFO 42182 --- [Thread-2] s.c.a.AnnotationConfigApplicationContext : Closing org.springframework.context.annotation.AnnotationConfigApplicationContext@1e683a3e: startup date [Sun Nov 12 02:52:49 IST 2017]; root of context hierarchy
2017-11-12 02:52:52.764  INFO 42182 --- [Thread-2] o.s.c.support.DefaultLifecycleProcessor  : Stopping beans in phase 2147483647
2017-11-12 02:52:52.789  INFO 42182 --- [Thread-2] o.s.a.r.l.SimpleMessageListenerContainer : Waiting for workers to finish.
2017-11-12 02:52:53.608  INFO 42182 --- [Thread-2] o.s.a.r.l.SimpleMessageListenerContainer : Successfully waited for workers to finish.
2017-11-12 02:52:53.609  INFO 42182 --- [Thread-2] o.s.c.support.DefaultLifecycleProcessor  : Stopping beans in phase -2147482648
2017-11-12 03:11:58.166  WARN 44456 --- [main] ory$DuplicateJsonObjectContextCustomizer : 

Found multiple occurrences of org.json.JSONObject on the class path:

	jar:file:/Users/manvendrasingh/.m2/repository/org/json/json/20140107/json-20140107.jar!/org/json/JSONObject.class
	jar:file:/Users/manvendrasingh/.m2/repository/com/vaadin/external/google/android-json/0.0.20131108.vaadin1/android-json-0.0.20131108.vaadin1.jar!/org/json/JSONObject.class

You may wish to exclude one of them to ensure predictable runtime behaviour

2017-11-12 03:12:03.219  INFO 44456 --- [main] r.SpringRabbitMqConsumerApplicationTests : Starting SpringRabbitMqConsumerApplicationTests on Manvendras-MacBook-Pro.local with PID 44456 (started by manvendrasingh in /Users/manvendrasingh/git/MacProAppSpringBoot/SpringRabbitMqObjectConsumer)
2017-11-12 03:12:03.219  INFO 44456 --- [main] r.SpringRabbitMqConsumerApplicationTests : No active profile set, falling back to default profiles: default
2017-11-12 03:12:03.245  INFO 44456 --- [main] s.c.a.AnnotationConfigApplicationContext : Refreshing org.springframework.context.annotation.AnnotationConfigApplicationContext@3fb1549b: startup date [Sun Nov 12 03:12:03 IST 2017]; root of context hierarchy
2017-11-12 03:12:03.970  INFO 44456 --- [main] trationDelegate$BeanPostProcessorChecker : Bean 'org.springframework.amqp.rabbit.annotation.RabbitBootstrapConfiguration' of type [org.springframework.amqp.rabbit.annotation.RabbitBootstrapConfiguration$$EnhancerBySpringCGLIB$$d9b6ae5b] is not eligible for getting processed by all BeanPostProcessors (for example: not eligible for auto-proxying)
2017-11-12 03:12:04.823  INFO 44456 --- [main] o.s.c.support.DefaultLifecycleProcessor  : Starting beans in phase -2147482648
2017-11-12 03:12:04.823  INFO 44456 --- [main] o.s.c.support.DefaultLifecycleProcessor  : Starting beans in phase 2147483647
2017-11-12 03:12:05.005  INFO 44456 --- [SimpleAsyncTaskExecutor-1] o.s.a.r.c.CachingConnectionFactory       : Created new connection: rabbitConnectionFactory#3c7b8e8d:0/SimpleConnection@5a8de8a3 [delegate=amqp://guest@127.0.0.1:5672/, localPort= 54486]
2017-11-12 03:12:05.087  INFO 44456 --- [main] r.SpringRabbitMqConsumerApplicationTests : Started SpringRabbitMqConsumerApplicationTests in 17.501 seconds (JVM running for 19.033)
2017-11-12 03:12:05.341  INFO 44456 --- [Thread-2] s.c.a.AnnotationConfigApplicationContext : Closing org.springframework.context.annotation.AnnotationConfigApplicationContext@3fb1549b: startup date [Sun Nov 12 03:12:03 IST 2017]; root of context hierarchy
2017-11-12 03:12:05.344  INFO 44456 --- [Thread-2] o.s.c.support.DefaultLifecycleProcessor  : Stopping beans in phase 2147483647
2017-11-12 03:12:05.349  INFO 44456 --- [Thread-2] o.s.a.r.l.SimpleMessageListenerContainer : Waiting for workers to finish.
2017-11-12 03:12:06.260  INFO 44456 --- [Thread-2] o.s.a.r.l.SimpleMessageListenerContainer : Successfully waited for workers to finish.
2017-11-12 03:12:06.261  INFO 44456 --- [Thread-2] o.s.c.support.DefaultLifecycleProcessor  : Stopping beans in phase -2147482648
2017-11-12 03:16:16.449  WARN 44946 --- [main] ory$DuplicateJsonObjectContextCustomizer : 

Found multiple occurrences of org.json.JSONObject on the class path:

	jar:file:/Users/manvendrasingh/.m2/repository/org/json/json/20140107/json-20140107.jar!/org/json/JSONObject.class
	jar:file:/Users/manvendrasingh/.m2/repository/com/vaadin/external/google/android-json/0.0.20131108.vaadin1/android-json-0.0.20131108.vaadin1.jar!/org/json/JSONObject.class

You may wish to exclude one of them to ensure predictable runtime behaviour

2017-11-12 03:16:21.532  INFO 44946 --- [main] r.SpringRabbitMqConsumerApplicationTests : Starting SpringRabbitMqConsumerApplicationTests on Manvendras-MacBook-Pro.local with PID 44946 (started by manvendrasingh in /Users/manvendrasingh/git/MacProAppSpringBoot/SpringRabbitMqObjectConsumer)
2017-11-12 03:16:21.532  INFO 44946 --- [main] r.SpringRabbitMqConsumerApplicationTests : No active profile set, falling back to default profiles: default
2017-11-12 03:16:21.563  INFO 44946 --- [main] s.c.a.AnnotationConfigApplicationContext : Refreshing org.springframework.context.annotation.AnnotationConfigApplicationContext@3fb1549b: startup date [Sun Nov 12 03:16:21 IST 2017]; root of context hierarchy
2017-11-12 03:16:22.361  INFO 44946 --- [main] trationDelegate$BeanPostProcessorChecker : Bean 'org.springframework.amqp.rabbit.annotation.RabbitBootstrapConfiguration' of type [org.springframework.amqp.rabbit.annotation.RabbitBootstrapConfiguration$$EnhancerBySpringCGLIB$$c822577d] is not eligible for getting processed by all BeanPostProcessors (for example: not eligible for auto-proxying)
2017-11-12 03:16:23.247  INFO 44946 --- [main] o.s.c.support.DefaultLifecycleProcessor  : Starting beans in phase -2147482648
2017-11-12 03:16:23.247  INFO 44946 --- [main] o.s.c.support.DefaultLifecycleProcessor  : Starting beans in phase 2147483647
2017-11-12 03:16:23.446  INFO 44946 --- [SimpleAsyncTaskExecutor-1] o.s.a.r.c.CachingConnectionFactory       : Created new connection: rabbitConnectionFactory#71e29fa9:0/SimpleConnection@2c80b147 [delegate=amqp://guest@127.0.0.1:5672/, localPort= 54522]
2017-11-12 03:16:23.512  INFO 44946 --- [main] r.SpringRabbitMqConsumerApplicationTests : Started SpringRabbitMqConsumerApplicationTests in 17.818 seconds (JVM running for 19.544)
2017-11-12 03:16:23.697  INFO 44946 --- [Thread-2] s.c.a.AnnotationConfigApplicationContext : Closing org.springframework.context.annotation.AnnotationConfigApplicationContext@3fb1549b: startup date [Sun Nov 12 03:16:21 IST 2017]; root of context hierarchy
2017-11-12 03:16:23.700  INFO 44946 --- [Thread-2] o.s.c.support.DefaultLifecycleProcessor  : Stopping beans in phase 2147483647
2017-11-12 03:16:23.711  INFO 44946 --- [Thread-2] o.s.a.r.l.SimpleMessageListenerContainer : Waiting for workers to finish.
2017-11-12 03:16:23.718  INFO 44946 --- [Thread-2] o.s.a.r.l.SimpleMessageListenerContainer : Successfully waited for workers to finish.
2017-11-12 03:16:23.718  INFO 44946 --- [Thread-2] o.s.c.support.DefaultLifecycleProcessor  : Stopping beans in phase -2147482648
2017-11-12 03:18:14.780  INFO 45150 --- [main] c.j.r.SpringRabbitMqConsumerApplication  : Starting SpringRabbitMqConsumerApplication on Manvendras-MacBook-Pro.local with PID 45150 (/Users/manvendrasingh/git/MacProAppSpringBoot/SpringRabbitMqObjectConsumer/target/classes started by manvendrasingh in /Users/manvendrasingh/git/MacProAppSpringBoot/SpringRabbitMqObjectConsumer)
2017-11-12 03:18:14.798  INFO 45150 --- [main] c.j.r.SpringRabbitMqConsumerApplication  : No active profile set, falling back to default profiles: default
2017-11-12 03:18:14.872  INFO 45150 --- [main] s.c.a.AnnotationConfigApplicationContext : Refreshing org.springframework.context.annotation.AnnotationConfigApplicationContext@670002: startup date [Sun Nov 12 03:18:14 IST 2017]; root of context hierarchy
2017-11-12 03:18:15.779  INFO 45150 --- [main] trationDelegate$BeanPostProcessorChecker : Bean 'org.springframework.amqp.rabbit.annotation.RabbitBootstrapConfiguration' of type [org.springframework.amqp.rabbit.annotation.RabbitBootstrapConfiguration$$EnhancerBySpringCGLIB$$c871adcf] is not eligible for getting processed by all BeanPostProcessors (for example: not eligible for auto-proxying)
2017-11-12 03:18:16.720  INFO 45150 --- [main] o.s.j.e.a.AnnotationMBeanExporter        : Registering beans for JMX exposure on startup
2017-11-12 03:18:16.729  INFO 45150 --- [main] o.s.j.e.a.AnnotationMBeanExporter        : Bean with name 'rabbitConnectionFactory' has been autodetected for JMX exposure
2017-11-12 03:18:16.732  INFO 45150 --- [main] o.s.j.e.a.AnnotationMBeanExporter        : Located managed bean 'rabbitConnectionFactory': registering with JMX server as MBean [org.springframework.amqp.rabbit.connection:name=rabbitConnectionFactory,type=CachingConnectionFactory]
2017-11-12 03:18:16.778  INFO 45150 --- [main] o.s.c.support.DefaultLifecycleProcessor  : Starting beans in phase -2147482648
2017-11-12 03:18:16.779  INFO 45150 --- [main] o.s.c.support.DefaultLifecycleProcessor  : Starting beans in phase 2147483647
2017-11-12 03:18:16.901  INFO 45150 --- [SimpleAsyncTaskExecutor-1] o.s.a.r.c.CachingConnectionFactory       : Created new connection: rabbitConnectionFactory#6374f2c0:0/SimpleConnection@72021589 [delegate=amqp://guest@127.0.0.1:5672/, localPort= 54551]
2017-11-12 03:18:16.977  INFO 45150 --- [main] c.j.r.SpringRabbitMqConsumerApplication  : Started SpringRabbitMqConsumerApplication in 17.842 seconds (JVM running for 24.461)
2017-11-12 03:19:30.493 ERROR 45150 --- [AMQP Connection 127.0.0.1:5672] o.s.a.r.c.CachingConnectionFactory       : Channel shutdown: connection error; protocol method: #method<connection.close>(reply-code=320, reply-text=CONNECTION_FORCED - broker forced connection closure with reason 'shutdown', class-id=0, method-id=0)
2017-11-12 03:19:30.505  WARN 45150 --- [AMQP Connection 127.0.0.1:5672] c.r.c.impl.ForgivingExceptionHandler     : An unexpected connection driver error occured (Exception message: Connection reset)
2017-11-12 03:19:31.338  INFO 45150 --- [SimpleAsyncTaskExecutor-1] o.s.a.r.l.SimpleMessageListenerContainer : Restarting Consumer@505a9d7c: tags=[{amq.ctag-9mNKq04pvF6ps4NSm2849A=jsa.queue}], channel=Cached Rabbit Channel: AMQChannel(amqp://guest@127.0.0.1:5672/,1), conn: Proxy@4612a1fa Shared Rabbit Connection: SimpleConnection@72021589 [delegate=amqp://guest@127.0.0.1:5672/, localPort= 54551], acknowledgeMode=AUTO local queue size=0
2017-11-12 03:19:36.592  WARN 45150 --- [SimpleAsyncTaskExecutor-2] o.s.a.r.l.SimpleMessageListenerContainer : Consumer raised exception, processing can restart if the connection factory supports it. Exception summary: org.springframework.amqp.AmqpConnectException: java.net.ConnectException: Connection refused (Connection refused)
2017-11-12 03:19:36.592  INFO 45150 --- [SimpleAsyncTaskExecutor-2] o.s.a.r.l.SimpleMessageListenerContainer : Restarting Consumer@426fe8bc: tags=[{}], channel=null, acknowledgeMode=AUTO local queue size=0
2017-11-12 03:19:41.670  WARN 45150 --- [SimpleAsyncTaskExecutor-3] o.s.a.r.l.SimpleMessageListenerContainer : Consumer raised exception, processing can restart if the connection factory supports it. Exception summary: org.springframework.amqp.AmqpConnectException: java.net.ConnectException: Connection refused (Connection refused)
2017-11-12 03:19:41.670  INFO 45150 --- [SimpleAsyncTaskExecutor-3] o.s.a.r.l.SimpleMessageListenerContainer : Restarting Consumer@202ec576: tags=[{}], channel=null, acknowledgeMode=AUTO local queue size=0
2017-11-12 03:19:46.724  WARN 45150 --- [SimpleAsyncTaskExecutor-4] o.s.a.r.l.SimpleMessageListenerContainer : Consumer raised exception, processing can restart if the connection factory supports it. Exception summary: org.springframework.amqp.AmqpConnectException: java.net.ConnectException: Connection refused (Connection refused)
2017-11-12 03:19:46.724  INFO 45150 --- [SimpleAsyncTaskExecutor-4] o.s.a.r.l.SimpleMessageListenerContainer : Restarting Consumer@7820f0d5: tags=[{}], channel=null, acknowledgeMode=AUTO local queue size=0
2017-11-12 03:19:51.779  WARN 45150 --- [SimpleAsyncTaskExecutor-5] o.s.a.r.l.SimpleMessageListenerContainer : Consumer raised exception, processing can restart if the connection factory supports it. Exception summary: org.springframework.amqp.AmqpConnectException: java.net.ConnectException: Connection refused (Connection refused)
2017-11-12 03:19:51.779  INFO 45150 --- [SimpleAsyncTaskExecutor-5] o.s.a.r.l.SimpleMessageListenerContainer : Restarting Consumer@54e73ab3: tags=[{}], channel=null, acknowledgeMode=AUTO local queue size=0
2017-11-12 03:19:56.854  WARN 45150 --- [SimpleAsyncTaskExecutor-6] o.s.a.r.l.SimpleMessageListenerContainer : Consumer raised exception, processing can restart if the connection factory supports it. Exception summary: org.springframework.amqp.AmqpConnectException: java.net.ConnectException: Connection refused (Connection refused)
2017-11-12 03:19:56.854  INFO 45150 --- [SimpleAsyncTaskExecutor-6] o.s.a.r.l.SimpleMessageListenerContainer : Restarting Consumer@260f4717: tags=[{}], channel=null, acknowledgeMode=AUTO local queue size=0
2017-11-12 03:20:01.932  WARN 45150 --- [SimpleAsyncTaskExecutor-7] o.s.a.r.l.SimpleMessageListenerContainer : Consumer raised exception, processing can restart if the connection factory supports it. Exception summary: org.springframework.amqp.AmqpConnectException: java.net.ConnectException: Connection refused (Connection refused)
2017-11-12 03:20:01.932  INFO 45150 --- [SimpleAsyncTaskExecutor-7] o.s.a.r.l.SimpleMessageListenerContainer : Restarting Consumer@338096de: tags=[{}], channel=null, acknowledgeMode=AUTO local queue size=0
2017-11-12 03:20:07.002  WARN 45150 --- [SimpleAsyncTaskExecutor-8] o.s.a.r.l.SimpleMessageListenerContainer : Consumer raised exception, processing can restart if the connection factory supports it. Exception summary: org.springframework.amqp.AmqpConnectException: java.net.ConnectException: Connection refused (Connection refused)
2017-11-12 03:20:07.002  INFO 45150 --- [SimpleAsyncTaskExecutor-8] o.s.a.r.l.SimpleMessageListenerContainer : Restarting Consumer@2705de26: tags=[{}], channel=null, acknowledgeMode=AUTO local queue size=0
2017-11-12 03:20:12.152  WARN 45150 --- [SimpleAsyncTaskExecutor-9] o.s.a.r.l.SimpleMessageListenerContainer : Consumer raised exception, processing can restart if the connection factory supports it. Exception summary: org.springframework.amqp.AmqpConnectException: java.net.ConnectException: Connection refused (Connection refused)
2017-11-12 03:20:12.152  INFO 45150 --- [SimpleAsyncTaskExecutor-9] o.s.a.r.l.SimpleMessageListenerContainer : Restarting Consumer@2918085a: tags=[{}], channel=null, acknowledgeMode=AUTO local queue size=0
2017-11-12 03:20:17.257  WARN 45150 --- [SimpleAsyncTaskExecutor-10] o.s.a.r.l.SimpleMessageListenerContainer : Consumer raised exception, processing can restart if the connection factory supports it. Exception summary: org.springframework.amqp.AmqpConnectException: java.net.ConnectException: Connection refused (Connection refused)
2017-11-12 03:20:17.257  INFO 45150 --- [SimpleAsyncTaskExecutor-10] o.s.a.r.l.SimpleMessageListenerContainer : Restarting Consumer@6750a3f3: tags=[{}], channel=null, acknowledgeMode=AUTO local queue size=0
2017-11-12 03:20:22.356  WARN 45150 --- [SimpleAsyncTaskExecutor-11] o.s.a.r.l.SimpleMessageListenerContainer : Consumer raised exception, processing can restart if the connection factory supports it. Exception summary: org.springframework.amqp.AmqpConnectException: java.net.ConnectException: Connection refused (Connection refused)
2017-11-12 03:20:22.357  INFO 45150 --- [SimpleAsyncTaskExecutor-11] o.s.a.r.l.SimpleMessageListenerContainer : Restarting Consumer@4e497beb: tags=[{}], channel=null, acknowledgeMode=AUTO local queue size=0
2017-11-12 03:20:27.443  WARN 45150 --- [SimpleAsyncTaskExecutor-12] o.s.a.r.l.SimpleMessageListenerContainer : Consumer raised exception, processing can restart if the connection factory supports it. Exception summary: org.springframework.amqp.AmqpConnectException: java.net.ConnectException: Connection refused (Connection refused)
2017-11-12 03:20:27.444  INFO 45150 --- [SimpleAsyncTaskExecutor-12] o.s.a.r.l.SimpleMessageListenerContainer : Restarting Consumer@6ef1316a: tags=[{}], channel=null, acknowledgeMode=AUTO local queue size=0
2017-11-12 03:20:32.537  WARN 45150 --- [SimpleAsyncTaskExecutor-13] o.s.a.r.l.SimpleMessageListenerContainer : Consumer raised exception, processing can restart if the connection factory supports it. Exception summary: org.springframework.amqp.AmqpConnectException: java.net.ConnectException: Connection refused (Connection refused)
2017-11-12 03:20:32.537  INFO 45150 --- [SimpleAsyncTaskExecutor-13] o.s.a.r.l.SimpleMessageListenerContainer : Restarting Consumer@1e019e47: tags=[{}], channel=null, acknowledgeMode=AUTO local queue size=0
2017-11-12 03:20:37.628  WARN 45150 --- [SimpleAsyncTaskExecutor-14] o.s.a.r.l.SimpleMessageListenerContainer : Consumer raised exception, processing can restart if the connection factory supports it. Exception summary: org.springframework.amqp.AmqpConnectException: java.net.ConnectException: Connection refused (Connection refused)
2017-11-12 03:20:37.628  INFO 45150 --- [SimpleAsyncTaskExecutor-14] o.s.a.r.l.SimpleMessageListenerContainer : Restarting Consumer@3acca318: tags=[{}], channel=null, acknowledgeMode=AUTO local queue size=0
2017-11-12 03:20:42.701  WARN 45150 --- [SimpleAsyncTaskExecutor-15] o.s.a.r.l.SimpleMessageListenerContainer : Consumer raised exception, processing can restart if the connection factory supports it. Exception summary: org.springframework.amqp.AmqpConnectException: java.net.ConnectException: Connection refused (Connection refused)
2017-11-12 03:20:42.701  INFO 45150 --- [SimpleAsyncTaskExecutor-15] o.s.a.r.l.SimpleMessageListenerContainer : Restarting Consumer@663b1899: tags=[{}], channel=null, acknowledgeMode=AUTO local queue size=0
2017-11-12 03:20:47.783  WARN 45150 --- [SimpleAsyncTaskExecutor-16] o.s.a.r.l.SimpleMessageListenerContainer : Consumer raised exception, processing can restart if the connection factory supports it. Exception summary: org.springframework.amqp.AmqpConnectException: java.net.ConnectException: Connection refused (Connection refused)
2017-11-12 03:20:47.784  INFO 45150 --- [SimpleAsyncTaskExecutor-16] o.s.a.r.l.SimpleMessageListenerContainer : Restarting Consumer@534e8e6e: tags=[{}], channel=null, acknowledgeMode=AUTO local queue size=0
2017-11-12 03:20:52.871  WARN 45150 --- [SimpleAsyncTaskExecutor-17] o.s.a.r.l.SimpleMessageListenerContainer : Consumer raised exception, processing can restart if the connection factory supports it. Exception summary: org.springframework.amqp.AmqpConnectException: java.net.ConnectException: Connection refused (Connection refused)
2017-11-12 03:20:52.872  INFO 45150 --- [SimpleAsyncTaskExecutor-17] o.s.a.r.l.SimpleMessageListenerContainer : Restarting Consumer@34e61478: tags=[{}], channel=null, acknowledgeMode=AUTO local queue size=0
2017-11-12 03:20:57.943  WARN 45150 --- [SimpleAsyncTaskExecutor-18] o.s.a.r.l.SimpleMessageListenerContainer : Consumer raised exception, processing can restart if the connection factory supports it. Exception summary: org.springframework.amqp.AmqpConnectException: java.net.ConnectException: Connection refused (Connection refused)
2017-11-12 03:20:57.944  INFO 45150 --- [SimpleAsyncTaskExecutor-18] o.s.a.r.l.SimpleMessageListenerContainer : Restarting Consumer@8994bd5: tags=[{}], channel=null, acknowledgeMode=AUTO local queue size=0
2017-11-12 03:21:03.011  WARN 45150 --- [SimpleAsyncTaskExecutor-19] o.s.a.r.l.SimpleMessageListenerContainer : Consumer raised exception, processing can restart if the connection factory supports it. Exception summary: org.springframework.amqp.AmqpConnectException: java.net.ConnectException: Connection refused (Connection refused)
2017-11-12 03:21:03.011  INFO 45150 --- [SimpleAsyncTaskExecutor-19] o.s.a.r.l.SimpleMessageListenerContainer : Restarting Consumer@67c3ee3: tags=[{}], channel=null, acknowledgeMode=AUTO local queue size=0
2017-11-12 03:21:08.071  WARN 45150 --- [SimpleAsyncTaskExecutor-20] o.s.a.r.l.SimpleMessageListenerContainer : Consumer raised exception, processing can restart if the connection factory supports it. Exception summary: org.springframework.amqp.AmqpConnectException: java.net.ConnectException: Connection refused (Connection refused)
2017-11-12 03:21:08.071  INFO 45150 --- [SimpleAsyncTaskExecutor-20] o.s.a.r.l.SimpleMessageListenerContainer : Restarting Consumer@6459114a: tags=[{}], channel=null, acknowledgeMode=AUTO local queue size=0
2017-11-12 03:21:13.167  WARN 45150 --- [SimpleAsyncTaskExecutor-21] o.s.a.r.l.SimpleMessageListenerContainer : Consumer raised exception, processing can restart if the connection factory supports it. Exception summary: org.springframework.amqp.AmqpConnectException: java.net.ConnectException: Connection refused (Connection refused)
2017-11-12 03:21:13.168  INFO 45150 --- [SimpleAsyncTaskExecutor-21] o.s.a.r.l.SimpleMessageListenerContainer : Restarting Consumer@72507607: tags=[{}], channel=null, acknowledgeMode=AUTO local queue size=0
2017-11-12 03:21:18.239  WARN 45150 --- [SimpleAsyncTaskExecutor-22] o.s.a.r.l.SimpleMessageListenerContainer : Consumer raised exception, processing can restart if the connection factory supports it. Exception summary: org.springframework.amqp.AmqpConnectException: java.net.ConnectException: Connection refused (Connection refused)
2017-11-12 03:21:18.240  INFO 45150 --- [SimpleAsyncTaskExecutor-22] o.s.a.r.l.SimpleMessageListenerContainer : Restarting Consumer@1d881533: tags=[{}], channel=null, acknowledgeMode=AUTO local queue size=0
2017-11-12 03:21:23.314  WARN 45150 --- [SimpleAsyncTaskExecutor-23] o.s.a.r.l.SimpleMessageListenerContainer : Consumer raised exception, processing can restart if the connection factory supports it. Exception summary: org.springframework.amqp.AmqpConnectException: java.net.ConnectException: Connection refused (Connection refused)
2017-11-12 03:21:23.315  INFO 45150 --- [SimpleAsyncTaskExecutor-23] o.s.a.r.l.SimpleMessageListenerContainer : Restarting Consumer@7cff825d: tags=[{}], channel=null, acknowledgeMode=AUTO local queue size=0
2017-11-12 03:21:28.396  WARN 45150 --- [SimpleAsyncTaskExecutor-24] o.s.a.r.l.SimpleMessageListenerContainer : Consumer raised exception, processing can restart if the connection factory supports it. Exception summary: org.springframework.amqp.AmqpConnectException: java.net.ConnectException: Connection refused (Connection refused)
2017-11-12 03:21:28.397  INFO 45150 --- [SimpleAsyncTaskExecutor-24] o.s.a.r.l.SimpleMessageListenerContainer : Restarting Consumer@28fa90c7: tags=[{}], channel=null, acknowledgeMode=AUTO local queue size=0
2017-11-12 03:21:33.461  WARN 45150 --- [SimpleAsyncTaskExecutor-25] o.s.a.r.l.SimpleMessageListenerContainer : Consumer raised exception, processing can restart if the connection factory supports it. Exception summary: org.springframework.amqp.AmqpConnectException: java.net.ConnectException: Connection refused (Connection refused)
2017-11-12 03:21:33.462  INFO 45150 --- [SimpleAsyncTaskExecutor-25] o.s.a.r.l.SimpleMessageListenerContainer : Restarting Consumer@33c3d178: tags=[{}], channel=null, acknowledgeMode=AUTO local queue size=0
2017-11-12 03:21:38.513  WARN 45150 --- [SimpleAsyncTaskExecutor-26] o.s.a.r.l.SimpleMessageListenerContainer : Consumer raised exception, processing can restart if the connection factory supports it. Exception summary: org.springframework.amqp.AmqpConnectException: java.net.ConnectException: Connection refused (Connection refused)
2017-11-12 03:21:38.514  INFO 45150 --- [SimpleAsyncTaskExecutor-26] o.s.a.r.l.SimpleMessageListenerContainer : Restarting Consumer@31d57644: tags=[{}], channel=null, acknowledgeMode=AUTO local queue size=0
2017-11-12 03:21:43.577  WARN 45150 --- [SimpleAsyncTaskExecutor-27] o.s.a.r.l.SimpleMessageListenerContainer : Consumer raised exception, processing can restart if the connection factory supports it. Exception summary: org.springframework.amqp.AmqpConnectException: java.net.ConnectException: Connection refused (Connection refused)
2017-11-12 03:21:43.578  INFO 45150 --- [SimpleAsyncTaskExecutor-27] o.s.a.r.l.SimpleMessageListenerContainer : Restarting Consumer@194aeff8: tags=[{}], channel=null, acknowledgeMode=AUTO local queue size=0
2017-11-12 03:21:48.628  WARN 45150 --- [SimpleAsyncTaskExecutor-28] o.s.a.r.l.SimpleMessageListenerContainer : Consumer raised exception, processing can restart if the connection factory supports it. Exception summary: org.springframework.amqp.AmqpConnectException: java.net.ConnectException: Connection refused (Connection refused)
2017-11-12 03:21:48.629  INFO 45150 --- [SimpleAsyncTaskExecutor-28] o.s.a.r.l.SimpleMessageListenerContainer : Restarting Consumer@21533bab: tags=[{}], channel=null, acknowledgeMode=AUTO local queue size=0
2017-11-12 03:21:53.708  WARN 45150 --- [SimpleAsyncTaskExecutor-29] o.s.a.r.l.SimpleMessageListenerContainer : Consumer raised exception, processing can restart if the connection factory supports it. Exception summary: org.springframework.amqp.AmqpConnectException: java.net.ConnectException: Connection refused (Connection refused)
2017-11-12 03:21:53.708  INFO 45150 --- [SimpleAsyncTaskExecutor-29] o.s.a.r.l.SimpleMessageListenerContainer : Restarting Consumer@4b01c5f8: tags=[{}], channel=null, acknowledgeMode=AUTO local queue size=0
2017-11-12 03:21:58.763  WARN 45150 --- [SimpleAsyncTaskExecutor-30] o.s.a.r.l.SimpleMessageListenerContainer : Consumer raised exception, processing can restart if the connection factory supports it. Exception summary: org.springframework.amqp.AmqpConnectException: java.net.ConnectException: Connection refused (Connection refused)
2017-11-12 03:21:58.764  INFO 45150 --- [SimpleAsyncTaskExecutor-30] o.s.a.r.l.SimpleMessageListenerContainer : Restarting Consumer@55975043: tags=[{}], channel=null, acknowledgeMode=AUTO local queue size=0
2017-11-12 03:22:03.846  WARN 45150 --- [SimpleAsyncTaskExecutor-31] o.s.a.r.l.SimpleMessageListenerContainer : Consumer raised exception, processing can restart if the connection factory supports it. Exception summary: org.springframework.amqp.AmqpConnectException: java.net.ConnectException: Connection refused (Connection refused)
2017-11-12 03:22:03.865  INFO 45150 --- [SimpleAsyncTaskExecutor-31] o.s.a.r.l.SimpleMessageListenerContainer : Restarting Consumer@a55a530: tags=[{}], channel=null, acknowledgeMode=AUTO local queue size=0
2017-11-12 03:22:08.937  WARN 45150 --- [SimpleAsyncTaskExecutor-32] o.s.a.r.l.SimpleMessageListenerContainer : Consumer raised exception, processing can restart if the connection factory supports it. Exception summary: org.springframework.amqp.AmqpConnectException: java.net.ConnectException: Connection refused (Connection refused)
2017-11-12 03:22:08.955  INFO 45150 --- [SimpleAsyncTaskExecutor-32] o.s.a.r.l.SimpleMessageListenerContainer : Restarting Consumer@76ae50d: tags=[{}], channel=null, acknowledgeMode=AUTO local queue size=0
2017-11-12 03:22:14.007  WARN 45150 --- [SimpleAsyncTaskExecutor-33] o.s.a.r.l.SimpleMessageListenerContainer : Consumer raised exception, processing can restart if the connection factory supports it. Exception summary: org.springframework.amqp.AmqpConnectException: java.net.ConnectException: Connection refused (Connection refused)
2017-11-12 03:22:14.044  INFO 45150 --- [SimpleAsyncTaskExecutor-33] o.s.a.r.l.SimpleMessageListenerContainer : Restarting Consumer@65846972: tags=[{}], channel=null, acknowledgeMode=AUTO local queue size=0
2017-11-12 03:22:19.109  WARN 45150 --- [SimpleAsyncTaskExecutor-34] o.s.a.r.l.SimpleMessageListenerContainer : Consumer raised exception, processing can restart if the connection factory supports it. Exception summary: org.springframework.amqp.AmqpConnectException: java.net.ConnectException: Connection refused (Connection refused)
2017-11-12 03:22:19.110  INFO 45150 --- [SimpleAsyncTaskExecutor-34] o.s.a.r.l.SimpleMessageListenerContainer : Restarting Consumer@75ddc8ee: tags=[{}], channel=null, acknowledgeMode=AUTO local queue size=0
2017-11-12 03:22:24.180  WARN 45150 --- [SimpleAsyncTaskExecutor-35] o.s.a.r.l.SimpleMessageListenerContainer : Consumer raised exception, processing can restart if the connection factory supports it. Exception summary: org.springframework.amqp.AmqpConnectException: java.net.ConnectException: Connection refused (Connection refused)
2017-11-12 03:22:24.180  INFO 45150 --- [SimpleAsyncTaskExecutor-35] o.s.a.r.l.SimpleMessageListenerContainer : Restarting Consumer@32feef51: tags=[{}], channel=null, acknowledgeMode=AUTO local queue size=0
2017-11-12 03:22:29.241  WARN 45150 --- [SimpleAsyncTaskExecutor-36] o.s.a.r.l.SimpleMessageListenerContainer : Consumer raised exception, processing can restart if the connection factory supports it. Exception summary: org.springframework.amqp.AmqpConnectException: java.net.ConnectException: Connection refused (Connection refused)
2017-11-12 03:22:29.242  INFO 45150 --- [SimpleAsyncTaskExecutor-36] o.s.a.r.l.SimpleMessageListenerContainer : Restarting Consumer@72db1599: tags=[{}], channel=null, acknowledgeMode=AUTO local queue size=0
2017-11-12 03:22:34.273  WARN 45150 --- [SimpleAsyncTaskExecutor-37] o.s.a.r.l.SimpleMessageListenerContainer : Consumer raised exception, processing can restart if the connection factory supports it. Exception summary: org.springframework.amqp.AmqpConnectException: java.net.ConnectException: Connection refused (Connection refused)
2017-11-12 03:22:34.289  INFO 45150 --- [SimpleAsyncTaskExecutor-37] o.s.a.r.l.SimpleMessageListenerContainer : Restarting Consumer@58d62ac1: tags=[{}], channel=null, acknowledgeMode=AUTO local queue size=0
2017-11-12 03:22:39.350  WARN 45150 --- [SimpleAsyncTaskExecutor-38] o.s.a.r.l.SimpleMessageListenerContainer : Consumer raised exception, processing can restart if the connection factory supports it. Exception summary: org.springframework.amqp.AmqpConnectException: java.net.ConnectException: Connection refused (Connection refused)
2017-11-12 03:22:39.351  INFO 45150 --- [SimpleAsyncTaskExecutor-38] o.s.a.r.l.SimpleMessageListenerContainer : Restarting Consumer@6ae41d0: tags=[{}], channel=null, acknowledgeMode=AUTO local queue size=0
2017-11-12 03:22:44.406  WARN 45150 --- [SimpleAsyncTaskExecutor-39] o.s.a.r.l.SimpleMessageListenerContainer : Consumer raised exception, processing can restart if the connection factory supports it. Exception summary: org.springframework.amqp.AmqpConnectException: java.net.ConnectException: Connection refused (Connection refused)
2017-11-12 03:22:44.406  INFO 45150 --- [SimpleAsyncTaskExecutor-39] o.s.a.r.l.SimpleMessageListenerContainer : Restarting Consumer@259864ae: tags=[{}], channel=null, acknowledgeMode=AUTO local queue size=0
2017-11-12 03:22:49.456  WARN 45150 --- [SimpleAsyncTaskExecutor-40] o.s.a.r.l.SimpleMessageListenerContainer : Consumer raised exception, processing can restart if the connection factory supports it. Exception summary: org.springframework.amqp.AmqpConnectException: java.net.ConnectException: Connection refused (Connection refused)
2017-11-12 03:22:49.468  INFO 45150 --- [SimpleAsyncTaskExecutor-40] o.s.a.r.l.SimpleMessageListenerContainer : Restarting Consumer@496806a8: tags=[{}], channel=null, acknowledgeMode=AUTO local queue size=0
2017-11-12 03:22:54.524  WARN 45150 --- [SimpleAsyncTaskExecutor-41] o.s.a.r.l.SimpleMessageListenerContainer : Consumer raised exception, processing can restart if the connection factory supports it. Exception summary: org.springframework.amqp.AmqpConnectException: java.net.ConnectException: Connection refused (Connection refused)
2017-11-12 03:22:54.525  INFO 45150 --- [SimpleAsyncTaskExecutor-41] o.s.a.r.l.SimpleMessageListenerContainer : Restarting Consumer@5ddccbc1: tags=[{}], channel=null, acknowledgeMode=AUTO local queue size=0
2017-11-12 03:22:59.555  WARN 45150 --- [SimpleAsyncTaskExecutor-42] o.s.a.r.l.SimpleMessageListenerContainer : Consumer raised exception, processing can restart if the connection factory supports it. Exception summary: org.springframework.amqp.AmqpConnectException: java.net.ConnectException: Connection refused (Connection refused)
2017-11-12 03:22:59.556  INFO 45150 --- [SimpleAsyncTaskExecutor-42] o.s.a.r.l.SimpleMessageListenerContainer : Restarting Consumer@735ed919: tags=[{}], channel=null, acknowledgeMode=AUTO local queue size=0
2017-11-12 03:23:04.616  WARN 45150 --- [SimpleAsyncTaskExecutor-43] o.s.a.r.l.SimpleMessageListenerContainer : Consumer raised exception, processing can restart if the connection factory supports it. Exception summary: org.springframework.amqp.AmqpConnectException: java.net.ConnectException: Connection refused (Connection refused)
2017-11-12 03:23:04.617  INFO 45150 --- [SimpleAsyncTaskExecutor-43] o.s.a.r.l.SimpleMessageListenerContainer : Restarting Consumer@1dcff5f2: tags=[{}], channel=null, acknowledgeMode=AUTO local queue size=0
2017-11-12 03:23:09.669  WARN 45150 --- [SimpleAsyncTaskExecutor-44] o.s.a.r.l.SimpleMessageListenerContainer : Consumer raised exception, processing can restart if the connection factory supports it. Exception summary: org.springframework.amqp.AmqpConnectException: java.net.ConnectException: Connection refused (Connection refused)
2017-11-12 03:23:09.669  INFO 45150 --- [SimpleAsyncTaskExecutor-44] o.s.a.r.l.SimpleMessageListenerContainer : Restarting Consumer@4e07b82e: tags=[{}], channel=null, acknowledgeMode=AUTO local queue size=0
2017-11-12 03:23:14.722  WARN 45150 --- [SimpleAsyncTaskExecutor-45] o.s.a.r.l.SimpleMessageListenerContainer : Consumer raised exception, processing can restart if the connection factory supports it. Exception summary: org.springframework.amqp.AmqpConnectException: java.net.ConnectException: Connection refused (Connection refused)
2017-11-12 03:23:14.747  INFO 45150 --- [SimpleAsyncTaskExecutor-45] o.s.a.r.l.SimpleMessageListenerContainer : Restarting Consumer@2673844b: tags=[{}], channel=null, acknowledgeMode=AUTO local queue size=0
2017-11-12 03:23:19.802  WARN 45150 --- [SimpleAsyncTaskExecutor-46] o.s.a.r.l.SimpleMessageListenerContainer : Consumer raised exception, processing can restart if the connection factory supports it. Exception summary: org.springframework.amqp.AmqpConnectException: java.net.ConnectException: Connection refused (Connection refused)
2017-11-12 03:23:19.803  INFO 45150 --- [SimpleAsyncTaskExecutor-46] o.s.a.r.l.SimpleMessageListenerContainer : Restarting Consumer@55d0b52: tags=[{}], channel=null, acknowledgeMode=AUTO local queue size=0
2017-11-12 03:23:24.946  WARN 45150 --- [SimpleAsyncTaskExecutor-47] o.s.a.r.l.SimpleMessageListenerContainer : Consumer raised exception, processing can restart if the connection factory supports it. Exception summary: org.springframework.amqp.AmqpConnectException: java.net.ConnectException: Connection refused (Connection refused)
2017-11-12 03:23:24.970  INFO 45150 --- [SimpleAsyncTaskExecutor-47] o.s.a.r.l.SimpleMessageListenerContainer : Restarting Consumer@4f6a2809: tags=[{}], channel=null, acknowledgeMode=AUTO local queue size=0
2017-11-12 03:23:30.039  WARN 45150 --- [SimpleAsyncTaskExecutor-48] o.s.a.r.l.SimpleMessageListenerContainer : Consumer raised exception, processing can restart if the connection factory supports it. Exception summary: org.springframework.amqp.AmqpConnectException: java.net.ConnectException: Connection refused (Connection refused)
2017-11-12 03:23:30.040  INFO 45150 --- [SimpleAsyncTaskExecutor-48] o.s.a.r.l.SimpleMessageListenerContainer : Restarting Consumer@53ebf98: tags=[{}], channel=null, acknowledgeMode=AUTO local queue size=0
2017-11-12 03:23:35.104  WARN 45150 --- [SimpleAsyncTaskExecutor-49] o.s.a.r.l.SimpleMessageListenerContainer : Consumer raised exception, processing can restart if the connection factory supports it. Exception summary: org.springframework.amqp.AmqpConnectException: java.net.ConnectException: Connection refused (Connection refused)
2017-11-12 03:23:35.104  INFO 45150 --- [SimpleAsyncTaskExecutor-49] o.s.a.r.l.SimpleMessageListenerContainer : Restarting Consumer@1fd217ce: tags=[{}], channel=null, acknowledgeMode=AUTO local queue size=0
2017-11-12 03:23:40.150  WARN 45150 --- [SimpleAsyncTaskExecutor-50] o.s.a.r.l.SimpleMessageListenerContainer : Consumer raised exception, processing can restart if the connection factory supports it. Exception summary: org.springframework.amqp.AmqpConnectException: java.net.ConnectException: Connection refused (Connection refused)
2017-11-12 03:23:40.150  INFO 45150 --- [SimpleAsyncTaskExecutor-50] o.s.a.r.l.SimpleMessageListenerContainer : Restarting Consumer@4d28aeae: tags=[{}], channel=null, acknowledgeMode=AUTO local queue size=0
2017-11-12 03:23:45.217  WARN 45150 --- [SimpleAsyncTaskExecutor-51] o.s.a.r.l.SimpleMessageListenerContainer : Consumer raised exception, processing can restart if the connection factory supports it. Exception summary: org.springframework.amqp.AmqpConnectException: java.net.ConnectException: Connection refused (Connection refused)
2017-11-12 03:23:45.217  INFO 45150 --- [SimpleAsyncTaskExecutor-51] o.s.a.r.l.SimpleMessageListenerContainer : Restarting Consumer@64d8bb39: tags=[{}], channel=null, acknowledgeMode=AUTO local queue size=0
2017-11-12 03:23:50.264  WARN 45150 --- [SimpleAsyncTaskExecutor-52] o.s.a.r.l.SimpleMessageListenerContainer : Consumer raised exception, processing can restart if the connection factory supports it. Exception summary: org.springframework.amqp.AmqpConnectException: java.net.ConnectException: Connection refused (Connection refused)
2017-11-12 03:23:50.282  INFO 45150 --- [SimpleAsyncTaskExecutor-52] o.s.a.r.l.SimpleMessageListenerContainer : Restarting Consumer@bc97621: tags=[{}], channel=null, acknowledgeMode=AUTO local queue size=0
2017-11-12 03:23:55.338  WARN 45150 --- [SimpleAsyncTaskExecutor-53] o.s.a.r.l.SimpleMessageListenerContainer : Consumer raised exception, processing can restart if the connection factory supports it. Exception summary: org.springframework.amqp.AmqpConnectException: java.net.ConnectException: Connection refused (Connection refused)
2017-11-12 03:23:55.339  INFO 45150 --- [SimpleAsyncTaskExecutor-53] o.s.a.r.l.SimpleMessageListenerContainer : Restarting Consumer@23b75b: tags=[{}], channel=null, acknowledgeMode=AUTO local queue size=0
2017-11-12 03:24:00.393  WARN 45150 --- [SimpleAsyncTaskExecutor-54] o.s.a.r.l.SimpleMessageListenerContainer : Consumer raised exception, processing can restart if the connection factory supports it. Exception summary: org.springframework.amqp.AmqpConnectException: java.net.ConnectException: Connection refused (Connection refused)
2017-11-12 03:24:00.397  INFO 45150 --- [SimpleAsyncTaskExecutor-54] o.s.a.r.l.SimpleMessageListenerContainer : Restarting Consumer@7038bee3: tags=[{}], channel=null, acknowledgeMode=AUTO local queue size=0
2017-11-12 03:24:05.454  WARN 45150 --- [SimpleAsyncTaskExecutor-55] o.s.a.r.l.SimpleMessageListenerContainer : Consumer raised exception, processing can restart if the connection factory supports it. Exception summary: org.springframework.amqp.AmqpConnectException: java.net.ConnectException: Connection refused (Connection refused)
2017-11-12 03:24:05.455  INFO 45150 --- [SimpleAsyncTaskExecutor-55] o.s.a.r.l.SimpleMessageListenerContainer : Restarting Consumer@2f2a632d: tags=[{}], channel=null, acknowledgeMode=AUTO local queue size=0
2017-11-12 03:24:10.541  WARN 45150 --- [SimpleAsyncTaskExecutor-56] o.s.a.r.l.SimpleMessageListenerContainer : Consumer raised exception, processing can restart if the connection factory supports it. Exception summary: org.springframework.amqp.AmqpConnectException: java.net.ConnectException: Connection refused (Connection refused)
2017-11-12 03:24:10.541  INFO 45150 --- [SimpleAsyncTaskExecutor-56] o.s.a.r.l.SimpleMessageListenerContainer : Restarting Consumer@74e06c55: tags=[{}], channel=null, acknowledgeMode=AUTO local queue size=0
2017-11-12 03:24:15.602  WARN 45150 --- [SimpleAsyncTaskExecutor-57] o.s.a.r.l.SimpleMessageListenerContainer : Consumer raised exception, processing can restart if the connection factory supports it. Exception summary: org.springframework.amqp.AmqpConnectException: java.net.ConnectException: Connection refused (Connection refused)
2017-11-12 03:24:15.627  INFO 45150 --- [SimpleAsyncTaskExecutor-57] o.s.a.r.l.SimpleMessageListenerContainer : Restarting Consumer@278e6957: tags=[{}], channel=null, acknowledgeMode=AUTO local queue size=0
2017-11-12 03:24:20.672  WARN 45150 --- [SimpleAsyncTaskExecutor-58] o.s.a.r.l.SimpleMessageListenerContainer : Consumer raised exception, processing can restart if the connection factory supports it. Exception summary: org.springframework.amqp.AmqpConnectException: java.net.ConnectException: Connection refused (Connection refused)
2017-11-12 03:24:20.673  INFO 45150 --- [SimpleAsyncTaskExecutor-58] o.s.a.r.l.SimpleMessageListenerContainer : Restarting Consumer@4fdea06e: tags=[{}], channel=null, acknowledgeMode=AUTO local queue size=0
2017-11-12 03:24:25.736  WARN 45150 --- [SimpleAsyncTaskExecutor-59] o.s.a.r.l.SimpleMessageListenerContainer : Consumer raised exception, processing can restart if the connection factory supports it. Exception summary: org.springframework.amqp.AmqpConnectException: java.net.ConnectException: Connection refused (Connection refused)
2017-11-12 03:24:25.737  INFO 45150 --- [SimpleAsyncTaskExecutor-59] o.s.a.r.l.SimpleMessageListenerContainer : Restarting Consumer@c95d41c: tags=[{}], channel=null, acknowledgeMode=AUTO local queue size=0
2017-11-12 03:24:30.783  WARN 45150 --- [SimpleAsyncTaskExecutor-60] o.s.a.r.l.SimpleMessageListenerContainer : Consumer raised exception, processing can restart if the connection factory supports it. Exception summary: org.springframework.amqp.AmqpConnectException: java.net.ConnectException: Connection refused (Connection refused)
2017-11-12 03:24:30.784  INFO 45150 --- [SimpleAsyncTaskExecutor-60] o.s.a.r.l.SimpleMessageListenerContainer : Restarting Consumer@770d58d7: tags=[{}], channel=null, acknowledgeMode=AUTO local queue size=0
2017-11-12 03:24:35.847  WARN 45150 --- [SimpleAsyncTaskExecutor-61] o.s.a.r.l.SimpleMessageListenerContainer : Consumer raised exception, processing can restart if the connection factory supports it. Exception summary: org.springframework.amqp.AmqpConnectException: java.net.ConnectException: Connection refused (Connection refused)
2017-11-12 03:24:35.884  INFO 45150 --- [SimpleAsyncTaskExecutor-61] o.s.a.r.l.SimpleMessageListenerContainer : Restarting Consumer@bca90ee: tags=[{}], channel=null, acknowledgeMode=AUTO local queue size=0
2017-11-12 03:24:40.946  WARN 45150 --- [SimpleAsyncTaskExecutor-62] o.s.a.r.l.SimpleMessageListenerContainer : Consumer raised exception, processing can restart if the connection factory supports it. Exception summary: org.springframework.amqp.AmqpConnectException: java.net.ConnectException: Connection refused (Connection refused)
2017-11-12 03:24:40.947  INFO 45150 --- [SimpleAsyncTaskExecutor-62] o.s.a.r.l.SimpleMessageListenerContainer : Restarting Consumer@526f1657: tags=[{}], channel=null, acknowledgeMode=AUTO local queue size=0
2017-11-12 03:24:46.007  WARN 45150 --- [SimpleAsyncTaskExecutor-63] o.s.a.r.l.SimpleMessageListenerContainer : Consumer raised exception, processing can restart if the connection factory supports it. Exception summary: org.springframework.amqp.AmqpConnectException: java.net.ConnectException: Connection refused (Connection refused)
2017-11-12 03:24:46.008  INFO 45150 --- [SimpleAsyncTaskExecutor-63] o.s.a.r.l.SimpleMessageListenerContainer : Restarting Consumer@470f71e6: tags=[{}], channel=null, acknowledgeMode=AUTO local queue size=0
2017-11-12 03:24:51.085  WARN 45150 --- [SimpleAsyncTaskExecutor-64] o.s.a.r.l.SimpleMessageListenerContainer : Consumer raised exception, processing can restart if the connection factory supports it. Exception summary: org.springframework.amqp.AmqpConnectException: java.net.ConnectException: Connection refused (Connection refused)
2017-11-12 03:24:51.107  INFO 45150 --- [SimpleAsyncTaskExecutor-64] o.s.a.r.l.SimpleMessageListenerContainer : Restarting Consumer@5ffa67b8: tags=[{}], channel=null, acknowledgeMode=AUTO local queue size=0
2017-11-12 03:24:56.181  WARN 45150 --- [SimpleAsyncTaskExecutor-65] o.s.a.r.l.SimpleMessageListenerContainer : Consumer raised exception, processing can restart if the connection factory supports it. Exception summary: org.springframework.amqp.AmqpConnectException: java.net.ConnectException: Connection refused (Connection refused)
2017-11-12 03:24:56.181  INFO 45150 --- [SimpleAsyncTaskExecutor-65] o.s.a.r.l.SimpleMessageListenerContainer : Restarting Consumer@53490ec7: tags=[{}], channel=null, acknowledgeMode=AUTO local queue size=0
2017-11-12 03:25:01.272  WARN 45150 --- [SimpleAsyncTaskExecutor-66] o.s.a.r.l.SimpleMessageListenerContainer : Consumer raised exception, processing can restart if the connection factory supports it. Exception summary: org.springframework.amqp.AmqpConnectException: java.net.ConnectException: Connection refused (Connection refused)
2017-11-12 03:25:01.273  INFO 45150 --- [SimpleAsyncTaskExecutor-66] o.s.a.r.l.SimpleMessageListenerContainer : Restarting Consumer@4be9ed9e: tags=[{}], channel=null, acknowledgeMode=AUTO local queue size=0
2017-11-12 03:25:06.347  WARN 45150 --- [SimpleAsyncTaskExecutor-67] o.s.a.r.l.SimpleMessageListenerContainer : Consumer raised exception, processing can restart if the connection factory supports it. Exception summary: org.springframework.amqp.AmqpConnectException: java.net.ConnectException: Connection refused (Connection refused)
2017-11-12 03:25:06.348  INFO 45150 --- [SimpleAsyncTaskExecutor-67] o.s.a.r.l.SimpleMessageListenerContainer : Restarting Consumer@5e8813af: tags=[{}], channel=null, acknowledgeMode=AUTO local queue size=0
2017-11-12 03:25:11.420  WARN 45150 --- [SimpleAsyncTaskExecutor-68] o.s.a.r.l.SimpleMessageListenerContainer : Consumer raised exception, processing can restart if the connection factory supports it. Exception summary: org.springframework.amqp.AmqpConnectException: java.net.ConnectException: Connection refused (Connection refused)
2017-11-12 03:25:11.442  INFO 45150 --- [SimpleAsyncTaskExecutor-68] o.s.a.r.l.SimpleMessageListenerContainer : Restarting Consumer@420d6ea2: tags=[{}], channel=null, acknowledgeMode=AUTO local queue size=0
2017-11-12 03:25:16.503  WARN 45150 --- [SimpleAsyncTaskExecutor-69] o.s.a.r.l.SimpleMessageListenerContainer : Consumer raised exception, processing can restart if the connection factory supports it. Exception summary: org.springframework.amqp.AmqpConnectException: java.net.ConnectException: Connection refused (Connection refused)
2017-11-12 03:25:16.504  INFO 45150 --- [SimpleAsyncTaskExecutor-69] o.s.a.r.l.SimpleMessageListenerContainer : Restarting Consumer@3a1bbb88: tags=[{}], channel=null, acknowledgeMode=AUTO local queue size=0
2017-11-12 03:25:21.579  WARN 45150 --- [SimpleAsyncTaskExecutor-70] o.s.a.r.l.SimpleMessageListenerContainer : Consumer raised exception, processing can restart if the connection factory supports it. Exception summary: org.springframework.amqp.AmqpConnectException: java.net.ConnectException: Connection refused (Connection refused)
2017-11-12 03:25:21.579  INFO 45150 --- [SimpleAsyncTaskExecutor-70] o.s.a.r.l.SimpleMessageListenerContainer : Restarting Consumer@676f65a4: tags=[{}], channel=null, acknowledgeMode=AUTO local queue size=0
2017-11-12 03:25:26.635  WARN 45150 --- [SimpleAsyncTaskExecutor-71] o.s.a.r.l.SimpleMessageListenerContainer : Consumer raised exception, processing can restart if the connection factory supports it. Exception summary: org.springframework.amqp.AmqpConnectException: java.net.ConnectException: Connection refused (Connection refused)
2017-11-12 03:25:26.668  INFO 45150 --- [SimpleAsyncTaskExecutor-71] o.s.a.r.l.SimpleMessageListenerContainer : Restarting Consumer@2399b3a6: tags=[{}], channel=null, acknowledgeMode=AUTO local queue size=0
2017-11-12 03:25:31.722  WARN 45150 --- [SimpleAsyncTaskExecutor-72] o.s.a.r.l.SimpleMessageListenerContainer : Consumer raised exception, processing can restart if the connection factory supports it. Exception summary: org.springframework.amqp.AmqpConnectException: java.net.ConnectException: Connection refused (Connection refused)
2017-11-12 03:25:31.723  INFO 45150 --- [SimpleAsyncTaskExecutor-72] o.s.a.r.l.SimpleMessageListenerContainer : Restarting Consumer@6e22a769: tags=[{}], channel=null, acknowledgeMode=AUTO local queue size=0
2017-11-12 03:25:36.785  WARN 45150 --- [SimpleAsyncTaskExecutor-73] o.s.a.r.l.SimpleMessageListenerContainer : Consumer raised exception, processing can restart if the connection factory supports it. Exception summary: org.springframework.amqp.AmqpConnectException: java.net.ConnectException: Connection refused (Connection refused)
2017-11-12 03:25:36.786  INFO 45150 --- [SimpleAsyncTaskExecutor-73] o.s.a.r.l.SimpleMessageListenerContainer : Restarting Consumer@243389ea: tags=[{}], channel=null, acknowledgeMode=AUTO local queue size=0
2017-11-12 03:25:41.840  WARN 45150 --- [SimpleAsyncTaskExecutor-74] o.s.a.r.l.SimpleMessageListenerContainer : Consumer raised exception, processing can restart if the connection factory supports it. Exception summary: org.springframework.amqp.AmqpConnectException: java.net.ConnectException: Connection refused (Connection refused)
2017-11-12 03:25:41.840  INFO 45150 --- [SimpleAsyncTaskExecutor-74] o.s.a.r.l.SimpleMessageListenerContainer : Restarting Consumer@2b4351b1: tags=[{}], channel=null, acknowledgeMode=AUTO local queue size=0
2017-11-12 03:25:46.885  WARN 45150 --- [SimpleAsyncTaskExecutor-75] o.s.a.r.l.SimpleMessageListenerContainer : Consumer raised exception, processing can restart if the connection factory supports it. Exception summary: org.springframework.amqp.AmqpConnectException: java.net.ConnectException: Connection refused (Connection refused)
2017-11-12 03:25:46.885  INFO 45150 --- [SimpleAsyncTaskExecutor-75] o.s.a.r.l.SimpleMessageListenerContainer : Restarting Consumer@1267b975: tags=[{}], channel=null, acknowledgeMode=AUTO local queue size=0
2017-11-12 03:25:51.921  WARN 45150 --- [SimpleAsyncTaskExecutor-76] o.s.a.r.l.SimpleMessageListenerContainer : Consumer raised exception, processing can restart if the connection factory supports it. Exception summary: org.springframework.amqp.AmqpConnectException: java.net.ConnectException: Connection refused (Connection refused)
2017-11-12 03:25:51.922  INFO 45150 --- [SimpleAsyncTaskExecutor-76] o.s.a.r.l.SimpleMessageListenerContainer : Restarting Consumer@4f4e5522: tags=[{}], channel=null, acknowledgeMode=AUTO local queue size=0
2017-11-12 03:25:57.006  WARN 45150 --- [SimpleAsyncTaskExecutor-77] o.s.a.r.l.SimpleMessageListenerContainer : Consumer raised exception, processing can restart if the connection factory supports it. Exception summary: org.springframework.amqp.AmqpConnectException: java.net.ConnectException: Connection refused (Connection refused)
2017-11-12 03:25:57.006  INFO 45150 --- [SimpleAsyncTaskExecutor-77] o.s.a.r.l.SimpleMessageListenerContainer : Restarting Consumer@3efb7a9: tags=[{}], channel=null, acknowledgeMode=AUTO local queue size=0
2017-11-12 03:26:02.051  WARN 45150 --- [SimpleAsyncTaskExecutor-78] o.s.a.r.l.SimpleMessageListenerContainer : Consumer raised exception, processing can restart if the connection factory supports it. Exception summary: org.springframework.amqp.AmqpConnectException: java.net.ConnectException: Connection refused (Connection refused)
2017-11-12 03:26:02.051  INFO 45150 --- [SimpleAsyncTaskExecutor-78] o.s.a.r.l.SimpleMessageListenerContainer : Restarting Consumer@212b9a7d: tags=[{}], channel=null, acknowledgeMode=AUTO local queue size=0
2017-11-12 03:26:07.115  WARN 45150 --- [SimpleAsyncTaskExecutor-79] o.s.a.r.l.SimpleMessageListenerContainer : Consumer raised exception, processing can restart if the connection factory supports it. Exception summary: org.springframework.amqp.AmqpConnectException: java.net.ConnectException: Connection refused (Connection refused)
2017-11-12 03:26:07.116  INFO 45150 --- [SimpleAsyncTaskExecutor-79] o.s.a.r.l.SimpleMessageListenerContainer : Restarting Consumer@30c97496: tags=[{}], channel=null, acknowledgeMode=AUTO local queue size=0
2017-11-12 03:26:12.201  WARN 45150 --- [SimpleAsyncTaskExecutor-80] o.s.a.r.l.SimpleMessageListenerContainer : Consumer raised exception, processing can restart if the connection factory supports it. Exception summary: org.springframework.amqp.AmqpConnectException: java.net.ConnectException: Connection refused (Connection refused)
2017-11-12 03:26:12.201  INFO 45150 --- [SimpleAsyncTaskExecutor-80] o.s.a.r.l.SimpleMessageListenerContainer : Restarting Consumer@7618012d: tags=[{}], channel=null, acknowledgeMode=AUTO local queue size=0
2017-11-12 03:26:17.257  WARN 45150 --- [SimpleAsyncTaskExecutor-81] o.s.a.r.l.SimpleMessageListenerContainer : Consumer raised exception, processing can restart if the connection factory supports it. Exception summary: org.springframework.amqp.AmqpConnectException: java.net.ConnectException: Connection refused (Connection refused)
2017-11-12 03:26:17.257  INFO 45150 --- [SimpleAsyncTaskExecutor-81] o.s.a.r.l.SimpleMessageListenerContainer : Restarting Consumer@45181c9: tags=[{}], channel=null, acknowledgeMode=AUTO local queue size=0
2017-11-12 03:26:22.339  WARN 45150 --- [SimpleAsyncTaskExecutor-82] o.s.a.r.l.SimpleMessageListenerContainer : Consumer raised exception, processing can restart if the connection factory supports it. Exception summary: org.springframework.amqp.AmqpConnectException: java.net.ConnectException: Connection refused (Connection refused)
2017-11-12 03:26:22.340  INFO 45150 --- [SimpleAsyncTaskExecutor-82] o.s.a.r.l.SimpleMessageListenerContainer : Restarting Consumer@18d39ad9: tags=[{}], channel=null, acknowledgeMode=AUTO local queue size=0
2017-11-12 03:26:27.400  WARN 45150 --- [SimpleAsyncTaskExecutor-83] o.s.a.r.l.SimpleMessageListenerContainer : Consumer raised exception, processing can restart if the connection factory supports it. Exception summary: org.springframework.amqp.AmqpConnectException: java.net.ConnectException: Connection refused (Connection refused)
2017-11-12 03:26:27.400  INFO 45150 --- [SimpleAsyncTaskExecutor-83] o.s.a.r.l.SimpleMessageListenerContainer : Restarting Consumer@6f5efd5: tags=[{}], channel=null, acknowledgeMode=AUTO local queue size=0
2017-11-12 03:26:32.456  WARN 45150 --- [SimpleAsyncTaskExecutor-84] o.s.a.r.l.SimpleMessageListenerContainer : Consumer raised exception, processing can restart if the connection factory supports it. Exception summary: org.springframework.amqp.AmqpConnectException: java.net.ConnectException: Connection refused (Connection refused)
2017-11-12 03:26:32.456  INFO 45150 --- [SimpleAsyncTaskExecutor-84] o.s.a.r.l.SimpleMessageListenerContainer : Restarting Consumer@3353ca42: tags=[{}], channel=null, acknowledgeMode=AUTO local queue size=0
2017-11-12 03:26:37.508  WARN 45150 --- [SimpleAsyncTaskExecutor-85] o.s.a.r.l.SimpleMessageListenerContainer : Consumer raised exception, processing can restart if the connection factory supports it. Exception summary: org.springframework.amqp.AmqpConnectException: java.net.ConnectException: Connection refused (Connection refused)
2017-11-12 03:26:37.509  INFO 45150 --- [SimpleAsyncTaskExecutor-85] o.s.a.r.l.SimpleMessageListenerContainer : Restarting Consumer@203c9dd8: tags=[{}], channel=null, acknowledgeMode=AUTO local queue size=0
2017-11-12 03:26:42.561  WARN 45150 --- [SimpleAsyncTaskExecutor-86] o.s.a.r.l.SimpleMessageListenerContainer : Consumer raised exception, processing can restart if the connection factory supports it. Exception summary: org.springframework.amqp.AmqpConnectException: java.net.ConnectException: Connection refused (Connection refused)
2017-11-12 03:26:42.561  INFO 45150 --- [SimpleAsyncTaskExecutor-86] o.s.a.r.l.SimpleMessageListenerContainer : Restarting Consumer@7e84a7e1: tags=[{}], channel=null, acknowledgeMode=AUTO local queue size=0
2017-11-12 03:26:47.605  WARN 45150 --- [SimpleAsyncTaskExecutor-87] o.s.a.r.l.SimpleMessageListenerContainer : Consumer raised exception, processing can restart if the connection factory supports it. Exception summary: org.springframework.amqp.AmqpConnectException: java.net.ConnectException: Connection refused (Connection refused)
2017-11-12 03:26:47.606  INFO 45150 --- [SimpleAsyncTaskExecutor-87] o.s.a.r.l.SimpleMessageListenerContainer : Restarting Consumer@548ff525: tags=[{}], channel=null, acknowledgeMode=AUTO local queue size=0
2017-11-12 03:26:52.661  WARN 45150 --- [SimpleAsyncTaskExecutor-88] o.s.a.r.l.SimpleMessageListenerContainer : Consumer raised exception, processing can restart if the connection factory supports it. Exception summary: org.springframework.amqp.AmqpConnectException: java.net.ConnectException: Connection refused (Connection refused)
2017-11-12 03:26:52.662  INFO 45150 --- [SimpleAsyncTaskExecutor-88] o.s.a.r.l.SimpleMessageListenerContainer : Restarting Consumer@11898257: tags=[{}], channel=null, acknowledgeMode=AUTO local queue size=0
2017-11-12 03:26:57.718  WARN 45150 --- [SimpleAsyncTaskExecutor-89] o.s.a.r.l.SimpleMessageListenerContainer : Consumer raised exception, processing can restart if the connection factory supports it. Exception summary: org.springframework.amqp.AmqpConnectException: java.net.ConnectException: Connection refused (Connection refused)
2017-11-12 03:26:57.719  INFO 45150 --- [SimpleAsyncTaskExecutor-89] o.s.a.r.l.SimpleMessageListenerContainer : Restarting Consumer@291e15c1: tags=[{}], channel=null, acknowledgeMode=AUTO local queue size=0
2017-11-12 03:27:02.779  WARN 45150 --- [SimpleAsyncTaskExecutor-90] o.s.a.r.l.SimpleMessageListenerContainer : Consumer raised exception, processing can restart if the connection factory supports it. Exception summary: org.springframework.amqp.AmqpConnectException: java.net.ConnectException: Connection refused (Connection refused)
2017-11-12 03:27:02.780  INFO 45150 --- [SimpleAsyncTaskExecutor-90] o.s.a.r.l.SimpleMessageListenerContainer : Restarting Consumer@31807215: tags=[{}], channel=null, acknowledgeMode=AUTO local queue size=0
2017-11-12 03:27:07.834  WARN 45150 --- [SimpleAsyncTaskExecutor-91] o.s.a.r.l.SimpleMessageListenerContainer : Consumer raised exception, processing can restart if the connection factory supports it. Exception summary: org.springframework.amqp.AmqpConnectException: java.net.ConnectException: Connection refused (Connection refused)
2017-11-12 03:27:07.835  INFO 45150 --- [SimpleAsyncTaskExecutor-91] o.s.a.r.l.SimpleMessageListenerContainer : Restarting Consumer@125c00eb: tags=[{}], channel=null, acknowledgeMode=AUTO local queue size=0
2017-11-12 03:27:12.892  WARN 45150 --- [SimpleAsyncTaskExecutor-92] o.s.a.r.l.SimpleMessageListenerContainer : Consumer raised exception, processing can restart if the connection factory supports it. Exception summary: org.springframework.amqp.AmqpConnectException: java.net.ConnectException: Connection refused (Connection refused)
2017-11-12 03:27:12.915  INFO 45150 --- [SimpleAsyncTaskExecutor-92] o.s.a.r.l.SimpleMessageListenerContainer : Restarting Consumer@2551de19: tags=[{}], channel=null, acknowledgeMode=AUTO local queue size=0
2017-11-12 03:27:17.966  WARN 45150 --- [SimpleAsyncTaskExecutor-93] o.s.a.r.l.SimpleMessageListenerContainer : Consumer raised exception, processing can restart if the connection factory supports it. Exception summary: org.springframework.amqp.AmqpConnectException: java.net.ConnectException: Connection refused (Connection refused)
2017-11-12 03:27:17.966  INFO 45150 --- [SimpleAsyncTaskExecutor-93] o.s.a.r.l.SimpleMessageListenerContainer : Restarting Consumer@2a1da195: tags=[{}], channel=null, acknowledgeMode=AUTO local queue size=0
2017-11-12 03:27:23.025  WARN 45150 --- [SimpleAsyncTaskExecutor-94] o.s.a.r.l.SimpleMessageListenerContainer : Consumer raised exception, processing can restart if the connection factory supports it. Exception summary: org.springframework.amqp.AmqpConnectException: java.net.ConnectException: Connection refused (Connection refused)
2017-11-12 03:27:23.041  INFO 45150 --- [SimpleAsyncTaskExecutor-94] o.s.a.r.l.SimpleMessageListenerContainer : Restarting Consumer@248bf9a8: tags=[{}], channel=null, acknowledgeMode=AUTO local queue size=0
2017-11-12 03:27:28.119  WARN 45150 --- [SimpleAsyncTaskExecutor-95] o.s.a.r.l.SimpleMessageListenerContainer : Consumer raised exception, processing can restart if the connection factory supports it. Exception summary: org.springframework.amqp.AmqpConnectException: java.net.ConnectException: Connection refused (Connection refused)
2017-11-12 03:27:28.119  INFO 45150 --- [SimpleAsyncTaskExecutor-95] o.s.a.r.l.SimpleMessageListenerContainer : Restarting Consumer@9f22984: tags=[{}], channel=null, acknowledgeMode=AUTO local queue size=0
2017-11-12 03:27:33.182  WARN 45150 --- [SimpleAsyncTaskExecutor-96] o.s.a.r.l.SimpleMessageListenerContainer : Consumer raised exception, processing can restart if the connection factory supports it. Exception summary: org.springframework.amqp.AmqpConnectException: java.net.ConnectException: Connection refused (Connection refused)
2017-11-12 03:27:33.182  INFO 45150 --- [SimpleAsyncTaskExecutor-96] o.s.a.r.l.SimpleMessageListenerContainer : Restarting Consumer@36c8d17f: tags=[{}], channel=null, acknowledgeMode=AUTO local queue size=0
2017-11-12 03:27:38.269  WARN 45150 --- [SimpleAsyncTaskExecutor-97] o.s.a.r.l.SimpleMessageListenerContainer : Consumer raised exception, processing can restart if the connection factory supports it. Exception summary: org.springframework.amqp.AmqpConnectException: java.net.ConnectException: Connection refused (Connection refused)
2017-11-12 03:27:38.269  INFO 45150 --- [SimpleAsyncTaskExecutor-97] o.s.a.r.l.SimpleMessageListenerContainer : Restarting Consumer@7d76a14c: tags=[{}], channel=null, acknowledgeMode=AUTO local queue size=0
2017-11-12 03:27:43.339  WARN 45150 --- [SimpleAsyncTaskExecutor-98] o.s.a.r.l.SimpleMessageListenerContainer : Consumer raised exception, processing can restart if the connection factory supports it. Exception summary: org.springframework.amqp.AmqpConnectException: java.net.ConnectException: Connection refused (Connection refused)
2017-11-12 03:27:43.340  INFO 45150 --- [SimpleAsyncTaskExecutor-98] o.s.a.r.l.SimpleMessageListenerContainer : Restarting Consumer@1fc20bad: tags=[{}], channel=null, acknowledgeMode=AUTO local queue size=0
2017-11-12 03:27:48.392  WARN 45150 --- [SimpleAsyncTaskExecutor-99] o.s.a.r.l.SimpleMessageListenerContainer : Consumer raised exception, processing can restart if the connection factory supports it. Exception summary: org.springframework.amqp.AmqpConnectException: java.net.ConnectException: Connection refused (Connection refused)
2017-11-12 03:27:48.392  INFO 45150 --- [SimpleAsyncTaskExecutor-99] o.s.a.r.l.SimpleMessageListenerContainer : Restarting Consumer@50388300: tags=[{}], channel=null, acknowledgeMode=AUTO local queue size=0
2017-11-12 03:27:53.459  WARN 45150 --- [SimpleAsyncTaskExecutor-100] o.s.a.r.l.SimpleMessageListenerContainer : Consumer raised exception, processing can restart if the connection factory supports it. Exception summary: org.springframework.amqp.AmqpConnectException: java.net.ConnectException: Connection refused (Connection refused)
2017-11-12 03:27:53.460  INFO 45150 --- [SimpleAsyncTaskExecutor-100] o.s.a.r.l.SimpleMessageListenerContainer : Restarting Consumer@6f5e8d73: tags=[{}], channel=null, acknowledgeMode=AUTO local queue size=0
2017-11-12 03:27:58.544  WARN 45150 --- [SimpleAsyncTaskExecutor-101] o.s.a.r.l.SimpleMessageListenerContainer : Consumer raised exception, processing can restart if the connection factory supports it. Exception summary: org.springframework.amqp.AmqpConnectException: java.net.ConnectException: Connection refused (Connection refused)
2017-11-12 03:27:58.544  INFO 45150 --- [SimpleAsyncTaskExecutor-101] o.s.a.r.l.SimpleMessageListenerContainer : Restarting Consumer@4505342e: tags=[{}], channel=null, acknowledgeMode=AUTO local queue size=0
2017-11-12 03:28:03.632  WARN 45150 --- [SimpleAsyncTaskExecutor-102] o.s.a.r.l.SimpleMessageListenerContainer : Consumer raised exception, processing can restart if the connection factory supports it. Exception summary: org.springframework.amqp.AmqpConnectException: java.net.ConnectException: Connection refused (Connection refused)
2017-11-12 03:28:03.643  INFO 45150 --- [SimpleAsyncTaskExecutor-102] o.s.a.r.l.SimpleMessageListenerContainer : Restarting Consumer@45ae5f3: tags=[{}], channel=null, acknowledgeMode=AUTO local queue size=0
2017-11-12 03:28:08.698  WARN 45150 --- [SimpleAsyncTaskExecutor-103] o.s.a.r.l.SimpleMessageListenerContainer : Consumer raised exception, processing can restart if the connection factory supports it. Exception summary: org.springframework.amqp.AmqpConnectException: java.net.ConnectException: Connection refused (Connection refused)
2017-11-12 03:28:08.698  INFO 45150 --- [SimpleAsyncTaskExecutor-103] o.s.a.r.l.SimpleMessageListenerContainer : Restarting Consumer@4f17a8ac: tags=[{}], channel=null, acknowledgeMode=AUTO local queue size=0
2017-11-12 03:28:13.759  WARN 45150 --- [SimpleAsyncTaskExecutor-104] o.s.a.r.l.SimpleMessageListenerContainer : Consumer raised exception, processing can restart if the connection factory supports it. Exception summary: org.springframework.amqp.AmqpConnectException: java.net.ConnectException: Connection refused (Connection refused)
2017-11-12 03:28:13.760  INFO 45150 --- [SimpleAsyncTaskExecutor-104] o.s.a.r.l.SimpleMessageListenerContainer : Restarting Consumer@2e1e4519: tags=[{}], channel=null, acknowledgeMode=AUTO local queue size=0
2017-11-12 03:28:18.834  WARN 45150 --- [SimpleAsyncTaskExecutor-105] o.s.a.r.l.SimpleMessageListenerContainer : Consumer raised exception, processing can restart if the connection factory supports it. Exception summary: org.springframework.amqp.AmqpConnectException: java.net.ConnectException: Connection refused (Connection refused)
2017-11-12 03:28:18.834  INFO 45150 --- [SimpleAsyncTaskExecutor-105] o.s.a.r.l.SimpleMessageListenerContainer : Restarting Consumer@5405b9db: tags=[{}], channel=null, acknowledgeMode=AUTO local queue size=0
2017-11-12 03:28:23.907  WARN 45150 --- [SimpleAsyncTaskExecutor-106] o.s.a.r.l.SimpleMessageListenerContainer : Consumer raised exception, processing can restart if the connection factory supports it. Exception summary: org.springframework.amqp.AmqpConnectException: java.net.ConnectException: Connection refused (Connection refused)
2017-11-12 03:28:23.922  INFO 45150 --- [SimpleAsyncTaskExecutor-106] o.s.a.r.l.SimpleMessageListenerContainer : Restarting Consumer@34f2daba: tags=[{}], channel=null, acknowledgeMode=AUTO local queue size=0
2017-11-12 03:28:28.951  WARN 45150 --- [SimpleAsyncTaskExecutor-107] o.s.a.r.l.SimpleMessageListenerContainer : Consumer raised exception, processing can restart if the connection factory supports it. Exception summary: org.springframework.amqp.AmqpConnectException: java.net.ConnectException: Connection refused (Connection refused)
2017-11-12 03:28:28.951  INFO 45150 --- [SimpleAsyncTaskExecutor-107] o.s.a.r.l.SimpleMessageListenerContainer : Restarting Consumer@267a09a8: tags=[{}], channel=null, acknowledgeMode=AUTO local queue size=0
2017-11-12 03:28:33.973  WARN 45150 --- [SimpleAsyncTaskExecutor-108] o.s.a.r.l.SimpleMessageListenerContainer : Consumer raised exception, processing can restart if the connection factory supports it. Exception summary: org.springframework.amqp.AmqpConnectException: java.net.ConnectException: Connection refused (Connection refused)
2017-11-12 03:28:33.973  INFO 45150 --- [SimpleAsyncTaskExecutor-108] o.s.a.r.l.SimpleMessageListenerContainer : Restarting Consumer@79070c25: tags=[{}], channel=null, acknowledgeMode=AUTO local queue size=0
2017-11-12 03:28:39.032  WARN 45150 --- [SimpleAsyncTaskExecutor-109] o.s.a.r.l.SimpleMessageListenerContainer : Consumer raised exception, processing can restart if the connection factory supports it. Exception summary: org.springframework.amqp.AmqpConnectException: java.net.ConnectException: Connection refused (Connection refused)
2017-11-12 03:28:39.032  INFO 45150 --- [SimpleAsyncTaskExecutor-109] o.s.a.r.l.SimpleMessageListenerContainer : Restarting Consumer@351cadc1: tags=[{}], channel=null, acknowledgeMode=AUTO local queue size=0
2017-11-12 03:28:44.084  WARN 45150 --- [SimpleAsyncTaskExecutor-110] o.s.a.r.l.SimpleMessageListenerContainer : Consumer raised exception, processing can restart if the connection factory supports it. Exception summary: org.springframework.amqp.AmqpConnectException: java.net.ConnectException: Connection refused (Connection refused)
2017-11-12 03:28:44.085  INFO 45150 --- [SimpleAsyncTaskExecutor-110] o.s.a.r.l.SimpleMessageListenerContainer : Restarting Consumer@1ad831df: tags=[{}], channel=null, acknowledgeMode=AUTO local queue size=0
2017-11-12 03:28:49.140  WARN 45150 --- [SimpleAsyncTaskExecutor-111] o.s.a.r.l.SimpleMessageListenerContainer : Consumer raised exception, processing can restart if the connection factory supports it. Exception summary: org.springframework.amqp.AmqpConnectException: java.net.ConnectException: Connection refused (Connection refused)
2017-11-12 03:28:49.141  INFO 45150 --- [SimpleAsyncTaskExecutor-111] o.s.a.r.l.SimpleMessageListenerContainer : Restarting Consumer@5bab7e7a: tags=[{}], channel=null, acknowledgeMode=AUTO local queue size=0
2017-11-12 03:28:54.202  WARN 45150 --- [SimpleAsyncTaskExecutor-112] o.s.a.r.l.SimpleMessageListenerContainer : Consumer raised exception, processing can restart if the connection factory supports it. Exception summary: org.springframework.amqp.AmqpConnectException: java.net.ConnectException: Connection refused (Connection refused)
2017-11-12 03:28:54.202  INFO 45150 --- [SimpleAsyncTaskExecutor-112] o.s.a.r.l.SimpleMessageListenerContainer : Restarting Consumer@4e875138: tags=[{}], channel=null, acknowledgeMode=AUTO local queue size=0
2017-11-12 03:28:59.270  WARN 45150 --- [SimpleAsyncTaskExecutor-113] o.s.a.r.l.SimpleMessageListenerContainer : Consumer raised exception, processing can restart if the connection factory supports it. Exception summary: org.springframework.amqp.AmqpConnectException: java.net.ConnectException: Connection refused (Connection refused)
2017-11-12 03:28:59.271  INFO 45150 --- [SimpleAsyncTaskExecutor-113] o.s.a.r.l.SimpleMessageListenerContainer : Restarting Consumer@4dcc5b82: tags=[{}], channel=null, acknowledgeMode=AUTO local queue size=0
2017-11-12 03:29:04.322  WARN 45150 --- [SimpleAsyncTaskExecutor-114] o.s.a.r.l.SimpleMessageListenerContainer : Consumer raised exception, processing can restart if the connection factory supports it. Exception summary: org.springframework.amqp.AmqpConnectException: java.net.ConnectException: Connection refused (Connection refused)
2017-11-12 03:29:04.323  INFO 45150 --- [SimpleAsyncTaskExecutor-114] o.s.a.r.l.SimpleMessageListenerContainer : Restarting Consumer@59fd17c0: tags=[{}], channel=null, acknowledgeMode=AUTO local queue size=0
2017-11-12 03:29:09.387  WARN 45150 --- [SimpleAsyncTaskExecutor-115] o.s.a.r.l.SimpleMessageListenerContainer : Consumer raised exception, processing can restart if the connection factory supports it. Exception summary: org.springframework.amqp.AmqpConnectException: java.net.ConnectException: Connection refused (Connection refused)
2017-11-12 03:29:09.388  INFO 45150 --- [SimpleAsyncTaskExecutor-115] o.s.a.r.l.SimpleMessageListenerContainer : Restarting Consumer@7da45568: tags=[{}], channel=null, acknowledgeMode=AUTO local queue size=0
2017-11-12 03:29:14.453  WARN 45150 --- [SimpleAsyncTaskExecutor-116] o.s.a.r.l.SimpleMessageListenerContainer : Consumer raised exception, processing can restart if the connection factory supports it. Exception summary: org.springframework.amqp.AmqpConnectException: java.net.ConnectException: Connection refused (Connection refused)
2017-11-12 03:29:14.454  INFO 45150 --- [SimpleAsyncTaskExecutor-116] o.s.a.r.l.SimpleMessageListenerContainer : Restarting Consumer@19d0d988: tags=[{}], channel=null, acknowledgeMode=AUTO local queue size=0
2017-11-12 03:29:19.512  WARN 45150 --- [SimpleAsyncTaskExecutor-117] o.s.a.r.l.SimpleMessageListenerContainer : Consumer raised exception, processing can restart if the connection factory supports it. Exception summary: org.springframework.amqp.AmqpConnectException: java.net.ConnectException: Connection refused (Connection refused)
2017-11-12 03:29:19.512  INFO 45150 --- [SimpleAsyncTaskExecutor-117] o.s.a.r.l.SimpleMessageListenerContainer : Restarting Consumer@50d292f1: tags=[{}], channel=null, acknowledgeMode=AUTO local queue size=0
2017-11-12 03:29:24.585  WARN 45150 --- [SimpleAsyncTaskExecutor-118] o.s.a.r.l.SimpleMessageListenerContainer : Consumer raised exception, processing can restart if the connection factory supports it. Exception summary: org.springframework.amqp.AmqpConnectException: java.net.ConnectException: Connection refused (Connection refused)
2017-11-12 03:29:24.585  INFO 45150 --- [SimpleAsyncTaskExecutor-118] o.s.a.r.l.SimpleMessageListenerContainer : Restarting Consumer@1dd39df2: tags=[{}], channel=null, acknowledgeMode=AUTO local queue size=0
2017-11-12 03:29:29.677  WARN 45150 --- [SimpleAsyncTaskExecutor-119] o.s.a.r.l.SimpleMessageListenerContainer : Consumer raised exception, processing can restart if the connection factory supports it. Exception summary: org.springframework.amqp.AmqpConnectException: java.net.ConnectException: Connection refused (Connection refused)
2017-11-12 03:29:29.677  INFO 45150 --- [SimpleAsyncTaskExecutor-119] o.s.a.r.l.SimpleMessageListenerContainer : Restarting Consumer@69dd6304: tags=[{}], channel=null, acknowledgeMode=AUTO local queue size=0
2017-11-12 03:29:34.739  WARN 45150 --- [SimpleAsyncTaskExecutor-120] o.s.a.r.l.SimpleMessageListenerContainer : Consumer raised exception, processing can restart if the connection factory supports it. Exception summary: org.springframework.amqp.AmqpConnectException: java.net.ConnectException: Connection refused (Connection refused)
2017-11-12 03:29:34.740  INFO 45150 --- [SimpleAsyncTaskExecutor-120] o.s.a.r.l.SimpleMessageListenerContainer : Restarting Consumer@256269cf: tags=[{}], channel=null, acknowledgeMode=AUTO local queue size=0
2017-11-12 03:29:39.810  WARN 45150 --- [SimpleAsyncTaskExecutor-121] o.s.a.r.l.SimpleMessageListenerContainer : Consumer raised exception, processing can restart if the connection factory supports it. Exception summary: org.springframework.amqp.AmqpConnectException: java.net.ConnectException: Connection refused (Connection refused)
2017-11-12 03:29:39.810  INFO 45150 --- [SimpleAsyncTaskExecutor-121] o.s.a.r.l.SimpleMessageListenerContainer : Restarting Consumer@213c8398: tags=[{}], channel=null, acknowledgeMode=AUTO local queue size=0
2017-11-12 03:29:44.909  WARN 45150 --- [SimpleAsyncTaskExecutor-122] o.s.a.r.l.SimpleMessageListenerContainer : Consumer raised exception, processing can restart if the connection factory supports it. Exception summary: org.springframework.amqp.AmqpConnectException: java.net.ConnectException: Connection refused (Connection refused)
2017-11-12 03:29:44.909  INFO 45150 --- [SimpleAsyncTaskExecutor-122] o.s.a.r.l.SimpleMessageListenerContainer : Restarting Consumer@2f1b9f4f: tags=[{}], channel=null, acknowledgeMode=AUTO local queue size=0
2017-11-12 03:29:49.974  WARN 45150 --- [SimpleAsyncTaskExecutor-123] o.s.a.r.l.SimpleMessageListenerContainer : Consumer raised exception, processing can restart if the connection factory supports it. Exception summary: org.springframework.amqp.AmqpConnectException: java.net.ConnectException: Connection refused (Connection refused)
2017-11-12 03:29:49.975  INFO 45150 --- [SimpleAsyncTaskExecutor-123] o.s.a.r.l.SimpleMessageListenerContainer : Restarting Consumer@ed7fe93: tags=[{}], channel=null, acknowledgeMode=AUTO local queue size=0
2017-11-12 03:29:55.047  WARN 45150 --- [SimpleAsyncTaskExecutor-124] o.s.a.r.l.SimpleMessageListenerContainer : Consumer raised exception, processing can restart if the connection factory supports it. Exception summary: org.springframework.amqp.AmqpConnectException: java.net.ConnectException: Connection refused (Connection refused)
2017-11-12 03:29:55.048  INFO 45150 --- [SimpleAsyncTaskExecutor-124] o.s.a.r.l.SimpleMessageListenerContainer : Restarting Consumer@4aa930a3: tags=[{}], channel=null, acknowledgeMode=AUTO local queue size=0
2017-11-12 03:30:00.126  WARN 45150 --- [SimpleAsyncTaskExecutor-125] o.s.a.r.l.SimpleMessageListenerContainer : Consumer raised exception, processing can restart if the connection factory supports it. Exception summary: org.springframework.amqp.AmqpConnectException: java.net.ConnectException: Connection refused (Connection refused)
2017-11-12 03:30:00.127  INFO 45150 --- [SimpleAsyncTaskExecutor-125] o.s.a.r.l.SimpleMessageListenerContainer : Restarting Consumer@34b193ea: tags=[{}], channel=null, acknowledgeMode=AUTO local queue size=0
2017-11-12 03:30:05.203  WARN 45150 --- [SimpleAsyncTaskExecutor-126] o.s.a.r.l.SimpleMessageListenerContainer : Consumer raised exception, processing can restart if the connection factory supports it. Exception summary: org.springframework.amqp.AmqpConnectException: java.net.ConnectException: Connection refused (Connection refused)
2017-11-12 03:30:05.203  INFO 45150 --- [SimpleAsyncTaskExecutor-126] o.s.a.r.l.SimpleMessageListenerContainer : Restarting Consumer@1556a6fc: tags=[{}], channel=null, acknowledgeMode=AUTO local queue size=0
2017-11-12 03:30:10.239  WARN 45150 --- [SimpleAsyncTaskExecutor-127] o.s.a.r.l.SimpleMessageListenerContainer : Consumer raised exception, processing can restart if the connection factory supports it. Exception summary: org.springframework.amqp.AmqpConnectException: java.net.ConnectException: Connection refused (Connection refused)
2017-11-12 03:30:10.240  INFO 45150 --- [SimpleAsyncTaskExecutor-127] o.s.a.r.l.SimpleMessageListenerContainer : Restarting Consumer@5a3f9d0d: tags=[{}], channel=null, acknowledgeMode=AUTO local queue size=0
2017-11-12 03:30:15.289  WARN 45150 --- [SimpleAsyncTaskExecutor-128] o.s.a.r.l.SimpleMessageListenerContainer : Consumer raised exception, processing can restart if the connection factory supports it. Exception summary: org.springframework.amqp.AmqpConnectException: java.net.ConnectException: Connection refused (Connection refused)
2017-11-12 03:30:15.289  INFO 45150 --- [SimpleAsyncTaskExecutor-128] o.s.a.r.l.SimpleMessageListenerContainer : Restarting Consumer@74469a30: tags=[{}], channel=null, acknowledgeMode=AUTO local queue size=0
2017-11-12 03:30:20.334  WARN 45150 --- [SimpleAsyncTaskExecutor-129] o.s.a.r.l.SimpleMessageListenerContainer : Consumer raised exception, processing can restart if the connection factory supports it. Exception summary: org.springframework.amqp.AmqpConnectException: java.net.ConnectException: Connection refused (Connection refused)
2017-11-12 03:30:20.335  INFO 45150 --- [SimpleAsyncTaskExecutor-129] o.s.a.r.l.SimpleMessageListenerContainer : Restarting Consumer@57bb3bd7: tags=[{}], channel=null, acknowledgeMode=AUTO local queue size=0
2017-11-12 03:30:25.386  WARN 45150 --- [SimpleAsyncTaskExecutor-130] o.s.a.r.l.SimpleMessageListenerContainer : Consumer raised exception, processing can restart if the connection factory supports it. Exception summary: org.springframework.amqp.AmqpConnectException: java.net.ConnectException: Connection refused (Connection refused)
2017-11-12 03:30:25.386  INFO 45150 --- [SimpleAsyncTaskExecutor-130] o.s.a.r.l.SimpleMessageListenerContainer : Restarting Consumer@2d22a36f: tags=[{}], channel=null, acknowledgeMode=AUTO local queue size=0
2017-11-12 03:30:30.448  WARN 45150 --- [SimpleAsyncTaskExecutor-131] o.s.a.r.l.SimpleMessageListenerContainer : Consumer raised exception, processing can restart if the connection factory supports it. Exception summary: org.springframework.amqp.AmqpConnectException: java.net.ConnectException: Connection refused (Connection refused)
2017-11-12 03:30:30.448  INFO 45150 --- [SimpleAsyncTaskExecutor-131] o.s.a.r.l.SimpleMessageListenerContainer : Restarting Consumer@b2a08ca: tags=[{}], channel=null, acknowledgeMode=AUTO local queue size=0
2017-11-12 03:30:35.507  WARN 45150 --- [SimpleAsyncTaskExecutor-132] o.s.a.r.l.SimpleMessageListenerContainer : Consumer raised exception, processing can restart if the connection factory supports it. Exception summary: org.springframework.amqp.AmqpConnectException: java.net.ConnectException: Connection refused (Connection refused)
2017-11-12 03:30:35.508  INFO 45150 --- [SimpleAsyncTaskExecutor-132] o.s.a.r.l.SimpleMessageListenerContainer : Restarting Consumer@18959d79: tags=[{}], channel=null, acknowledgeMode=AUTO local queue size=0
2017-11-12 03:30:40.561  WARN 45150 --- [SimpleAsyncTaskExecutor-133] o.s.a.r.l.SimpleMessageListenerContainer : Consumer raised exception, processing can restart if the connection factory supports it. Exception summary: org.springframework.amqp.AmqpConnectException: java.net.ConnectException: Connection refused (Connection refused)
2017-11-12 03:30:40.561  INFO 45150 --- [SimpleAsyncTaskExecutor-133] o.s.a.r.l.SimpleMessageListenerContainer : Restarting Consumer@1d9ab5a6: tags=[{}], channel=null, acknowledgeMode=AUTO local queue size=0
2017-11-12 03:30:45.629  WARN 45150 --- [SimpleAsyncTaskExecutor-134] o.s.a.r.l.SimpleMessageListenerContainer : Consumer raised exception, processing can restart if the connection factory supports it. Exception summary: org.springframework.amqp.AmqpConnectException: java.net.ConnectException: Connection refused (Connection refused)
2017-11-12 03:30:45.629  INFO 45150 --- [SimpleAsyncTaskExecutor-134] o.s.a.r.l.SimpleMessageListenerContainer : Restarting Consumer@67550ea1: tags=[{}], channel=null, acknowledgeMode=AUTO local queue size=0
2017-11-12 03:30:50.694  WARN 45150 --- [SimpleAsyncTaskExecutor-135] o.s.a.r.l.SimpleMessageListenerContainer : Consumer raised exception, processing can restart if the connection factory supports it. Exception summary: org.springframework.amqp.AmqpConnectException: java.net.ConnectException: Connection refused (Connection refused)
2017-11-12 03:30:50.695  INFO 45150 --- [SimpleAsyncTaskExecutor-135] o.s.a.r.l.SimpleMessageListenerContainer : Restarting Consumer@15d94abf: tags=[{}], channel=null, acknowledgeMode=AUTO local queue size=0
2017-11-12 03:30:55.786  WARN 45150 --- [SimpleAsyncTaskExecutor-136] o.s.a.r.l.SimpleMessageListenerContainer : Consumer raised exception, processing can restart if the connection factory supports it. Exception summary: org.springframework.amqp.AmqpConnectException: java.net.ConnectException: Connection refused (Connection refused)
2017-11-12 03:30:55.787  INFO 45150 --- [SimpleAsyncTaskExecutor-136] o.s.a.r.l.SimpleMessageListenerContainer : Restarting Consumer@35c5ced8: tags=[{}], channel=null, acknowledgeMode=AUTO local queue size=0
2017-11-12 03:31:00.878  WARN 45150 --- [SimpleAsyncTaskExecutor-137] o.s.a.r.l.SimpleMessageListenerContainer : Consumer raised exception, processing can restart if the connection factory supports it. Exception summary: org.springframework.amqp.AmqpConnectException: java.net.ConnectException: Connection refused (Connection refused)
2017-11-12 03:31:00.879  INFO 45150 --- [SimpleAsyncTaskExecutor-137] o.s.a.r.l.SimpleMessageListenerContainer : Restarting Consumer@698d15cd: tags=[{}], channel=null, acknowledgeMode=AUTO local queue size=0
2017-11-12 03:31:05.946  WARN 45150 --- [SimpleAsyncTaskExecutor-138] o.s.a.r.l.SimpleMessageListenerContainer : Consumer raised exception, processing can restart if the connection factory supports it. Exception summary: org.springframework.amqp.AmqpConnectException: java.net.ConnectException: Connection refused (Connection refused)
2017-11-12 03:31:05.947  INFO 45150 --- [SimpleAsyncTaskExecutor-138] o.s.a.r.l.SimpleMessageListenerContainer : Restarting Consumer@399c5e34: tags=[{}], channel=null, acknowledgeMode=AUTO local queue size=0
2017-11-12 03:31:11.034  WARN 45150 --- [SimpleAsyncTaskExecutor-139] o.s.a.r.l.SimpleMessageListenerContainer : Consumer raised exception, processing can restart if the connection factory supports it. Exception summary: org.springframework.amqp.AmqpConnectException: java.net.ConnectException: Connection refused (Connection refused)
2017-11-12 03:31:11.035  INFO 45150 --- [SimpleAsyncTaskExecutor-139] o.s.a.r.l.SimpleMessageListenerContainer : Restarting Consumer@4e511974: tags=[{}], channel=null, acknowledgeMode=AUTO local queue size=0
2017-11-12 03:31:16.136  WARN 45150 --- [SimpleAsyncTaskExecutor-140] o.s.a.r.l.SimpleMessageListenerContainer : Consumer raised exception, processing can restart if the connection factory supports it. Exception summary: org.springframework.amqp.AmqpConnectException: java.net.ConnectException: Connection refused (Connection refused)
2017-11-12 03:31:16.136  INFO 45150 --- [SimpleAsyncTaskExecutor-140] o.s.a.r.l.SimpleMessageListenerContainer : Restarting Consumer@649a1097: tags=[{}], channel=null, acknowledgeMode=AUTO local queue size=0
2017-11-12 03:31:21.225  WARN 45150 --- [SimpleAsyncTaskExecutor-141] o.s.a.r.l.SimpleMessageListenerContainer : Consumer raised exception, processing can restart if the connection factory supports it. Exception summary: org.springframework.amqp.AmqpConnectException: java.net.ConnectException: Connection refused (Connection refused)
2017-11-12 03:31:21.226  INFO 45150 --- [SimpleAsyncTaskExecutor-141] o.s.a.r.l.SimpleMessageListenerContainer : Restarting Consumer@223a2e36: tags=[{}], channel=null, acknowledgeMode=AUTO local queue size=0
2017-11-12 03:31:26.319  WARN 45150 --- [SimpleAsyncTaskExecutor-142] o.s.a.r.l.SimpleMessageListenerContainer : Consumer raised exception, processing can restart if the connection factory supports it. Exception summary: org.springframework.amqp.AmqpConnectException: java.net.ConnectException: Connection refused (Connection refused)
2017-11-12 03:31:26.320  INFO 45150 --- [SimpleAsyncTaskExecutor-142] o.s.a.r.l.SimpleMessageListenerContainer : Restarting Consumer@46294e09: tags=[{}], channel=null, acknowledgeMode=AUTO local queue size=0
2017-11-12 03:31:31.397  WARN 45150 --- [SimpleAsyncTaskExecutor-143] o.s.a.r.l.SimpleMessageListenerContainer : Consumer raised exception, processing can restart if the connection factory supports it. Exception summary: org.springframework.amqp.AmqpConnectException: java.net.ConnectException: Connection refused (Connection refused)
2017-11-12 03:31:31.398  INFO 45150 --- [SimpleAsyncTaskExecutor-143] o.s.a.r.l.SimpleMessageListenerContainer : Restarting Consumer@4e569425: tags=[{}], channel=null, acknowledgeMode=AUTO local queue size=0
2017-11-12 03:31:36.495  WARN 45150 --- [SimpleAsyncTaskExecutor-144] o.s.a.r.l.SimpleMessageListenerContainer : Consumer raised exception, processing can restart if the connection factory supports it. Exception summary: org.springframework.amqp.AmqpConnectException: java.net.ConnectException: Connection refused (Connection refused)
2017-11-12 03:31:36.495  INFO 45150 --- [SimpleAsyncTaskExecutor-144] o.s.a.r.l.SimpleMessageListenerContainer : Restarting Consumer@38295989: tags=[{}], channel=null, acknowledgeMode=AUTO local queue size=0
2017-11-12 03:31:41.560  WARN 45150 --- [SimpleAsyncTaskExecutor-145] o.s.a.r.l.SimpleMessageListenerContainer : Consumer raised exception, processing can restart if the connection factory supports it. Exception summary: org.springframework.amqp.AmqpConnectException: java.net.ConnectException: Connection refused (Connection refused)
2017-11-12 03:31:41.561  INFO 45150 --- [SimpleAsyncTaskExecutor-145] o.s.a.r.l.SimpleMessageListenerContainer : Restarting Consumer@4d09b65e: tags=[{}], channel=null, acknowledgeMode=AUTO local queue size=0
2017-11-12 03:31:46.621  WARN 45150 --- [SimpleAsyncTaskExecutor-146] o.s.a.r.l.SimpleMessageListenerContainer : Consumer raised exception, processing can restart if the connection factory supports it. Exception summary: org.springframework.amqp.AmqpConnectException: java.net.ConnectException: Connection refused (Connection refused)
2017-11-12 03:31:46.621  INFO 45150 --- [SimpleAsyncTaskExecutor-146] o.s.a.r.l.SimpleMessageListenerContainer : Restarting Consumer@6cf851ad: tags=[{}], channel=null, acknowledgeMode=AUTO local queue size=0
